ERROR - 2024-03-06 03:15:47 --> mysqli_sql_exception: Unknown column 'PO.NOMBRE_PODER' in 'field list' in C:\Users\Drummer\Documents\Apprende\trainee-drangonball-backend\system\Database\MySQLi\Connection.php:306
Stack trace:
#0 C:\Users\Drummer\Documents\Apprende\trainee-drangonball-backend\system\Database\MySQLi\Connection.php(306): mysqli->query('SELECT `P`.`ID_...', 0)
#1 C:\Users\Drummer\Documents\Apprende\trainee-drangonball-backend\system\Database\BaseConnection.php(693): CodeIgniter\Database\MySQLi\Connection->execute('SELECT `P`.`ID_...')
#2 C:\Users\Drummer\Documents\Apprende\trainee-drangonball-backend\system\Database\BaseConnection.php(607): CodeIgniter\Database\BaseConnection->simpleQuery('SELECT `P`.`ID_...')
#3 C:\Users\Drummer\Documents\Apprende\trainee-drangonball-backend\system\Database\BaseBuilder.php(1616): CodeIgniter\Database\BaseConnection->query('SELECT `P`.`ID_...', Array, false)
#4 C:\Users\Drummer\Documents\Apprende\trainee-drangonball-backend\app\Models\PersonajesModel.php(41): CodeIgniter\Database\BaseBuilder->get()
#5 C:\Users\Drummer\Documents\Apprende\trainee-drangonball-backend\app\Controllers\Personajes.php(37): App\Models\PersonajesModel->filtroUniverso('1')
#6 C:\Users\Drummer\Documents\Apprende\trainee-drangonball-backend\system\CodeIgniter.php(941): App\Controllers\Personajes->filtroUniversos('1')
#7 C:\Users\Drummer\Documents\Apprende\trainee-drangonball-backend\system\CodeIgniter.php(502): CodeIgniter\CodeIgniter->runController(Object(App\Controllers\Personajes))
#8 C:\Users\Drummer\Documents\Apprende\trainee-drangonball-backend\system\CodeIgniter.php(361): CodeIgniter\CodeIgniter->handleRequest(NULL, Object(Config\Cache), false)
#9 C:\Users\Drummer\Documents\Apprende\trainee-drangonball-backend\public\index.php(79): CodeIgniter\CodeIgniter->run()
#10 C:\Users\Drummer\Documents\Apprende\trainee-drangonball-backend\system\Commands\Server\rewrite.php(47): require_once('C:\\Users\\Drumme...')
#11 {main}
CRITICAL - 2024-03-06 03:15:47 --> CodeIgniter\Database\Exceptions\DatabaseException: Unknown column 'PO.NOMBRE_PODER' in 'field list'
in SYSTEMPATH\Database\BaseConnection.php on line 647.
 1 SYSTEMPATH\Database\BaseBuilder.php(1616): CodeIgniter\Database\BaseConnection->query('SELECT `P`.`ID_PERSONAJE` AS `ID`, `P`.`NOMBRE_PERSONAJE` AS `NOMBRE`, `P`.`IMAGEN` AS `IMAGEN`, `P`.`DESCRIPCION` AS `DESCRIPCION`, `R`.`NOMBRE_RAZA` AS `RAZA`, `P`.`BIOGRAFIA` AS `BIOGRAFIA`, `U`.`NOMBRE_UNIVERSO` AS `UNIVERSO`, GROUP_CONCAT(PO.NOMBRE_PODER SEPARATOR \', \') AS PODERES
FROM `TBL_PERSONAJE` `P`
JOIN `TBL_RAZA` `R` ON `R`.`ID_RAZA` = `P`.`ID_RAZA`
JOIN `TBL_UNIVERSOS` `U` ON `U`.`ID_UNIVERSO` = `P`.`ID_UNIVERSO`
WHERE `U`.`ID_UNIVERSO` = :U.ID_UNIVERSO:
ORDER BY `P`.`NOMBRE_PERSONAJE` ASC', [...], false)
 2 APPPATH\Models\PersonajesModel.php(41): CodeIgniter\Database\BaseBuilder->get()
 3 APPPATH\Controllers\Personajes.php(37): App\Models\PersonajesModel->filtroUniverso('1')
 4 SYSTEMPATH\CodeIgniter.php(941): App\Controllers\Personajes->filtroUniversos('1')
 5 SYSTEMPATH\CodeIgniter.php(502): CodeIgniter\CodeIgniter->runController(Object(App\Controllers\Personajes))
 6 SYSTEMPATH\CodeIgniter.php(361): CodeIgniter\CodeIgniter->handleRequest(null, Object(Config\Cache), false)
 7 FCPATH\index.php(79): CodeIgniter\CodeIgniter->run()
 8 SYSTEMPATH\Commands\Server\rewrite.php(47): require_once('C:\\Users\\Drummer\\Documents\\Apprende\\trainee-drangonball-backend\\public\\index.php')
CRITICAL - 2024-03-06 03:15:47 --> [Caused by] CodeIgniter\Database\Exceptions\DatabaseException: Unknown column 'PO.NOMBRE_PODER' in 'field list'
in SYSTEMPATH\Database\MySQLi\Connection.php on line 311.
 1 SYSTEMPATH\Database\BaseConnection.php(693): CodeIgniter\Database\MySQLi\Connection->execute('SELECT `P`.`ID_PERSONAJE` AS `ID`, `P`.`NOMBRE_PERSONAJE` AS `NOMBRE`, `P`.`IMAGEN` AS `IMAGEN`, `P`.`DESCRIPCION` AS `DESCRIPCION`, `R`.`NOMBRE_RAZA` AS `RAZA`, `P`.`BIOGRAFIA` AS `BIOGRAFIA`, `U`.`NOMBRE_UNIVERSO` AS `UNIVERSO`, GROUP_CONCAT(PO.NOMBRE_PODER SEPARATOR \', \') AS PODERES
FROM `TBL_PERSONAJE` `P`
JOIN `TBL_RAZA` `R` ON `R`.`ID_RAZA` = `P`.`ID_RAZA`
JOIN `TBL_UNIVERSOS` `U` ON `U`.`ID_UNIVERSO` = `P`.`ID_UNIVERSO`
WHERE `U`.`ID_UNIVERSO` = \'1\'
ORDER BY `P`.`NOMBRE_PERSONAJE` ASC')
 2 SYSTEMPATH\Database\BaseConnection.php(607): CodeIgniter\Database\BaseConnection->simpleQuery('SELECT `P`.`ID_PERSONAJE` AS `ID`, `P`.`NOMBRE_PERSONAJE` AS `NOMBRE`, `P`.`IMAGEN` AS `IMAGEN`, `P`.`DESCRIPCION` AS `DESCRIPCION`, `R`.`NOMBRE_RAZA` AS `RAZA`, `P`.`BIOGRAFIA` AS `BIOGRAFIA`, `U`.`NOMBRE_UNIVERSO` AS `UNIVERSO`, GROUP_CONCAT(PO.NOMBRE_PODER SEPARATOR \', \') AS PODERES
FROM `TBL_PERSONAJE` `P`
JOIN `TBL_RAZA` `R` ON `R`.`ID_RAZA` = `P`.`ID_RAZA`
JOIN `TBL_UNIVERSOS` `U` ON `U`.`ID_UNIVERSO` = `P`.`ID_UNIVERSO`
WHERE `U`.`ID_UNIVERSO` = \'1\'
ORDER BY `P`.`NOMBRE_PERSONAJE` ASC')
 3 SYSTEMPATH\Database\BaseBuilder.php(1616): CodeIgniter\Database\BaseConnection->query('SELECT `P`.`ID_PERSONAJE` AS `ID`, `P`.`NOMBRE_PERSONAJE` AS `NOMBRE`, `P`.`IMAGEN` AS `IMAGEN`, `P`.`DESCRIPCION` AS `DESCRIPCION`, `R`.`NOMBRE_RAZA` AS `RAZA`, `P`.`BIOGRAFIA` AS `BIOGRAFIA`, `U`.`NOMBRE_UNIVERSO` AS `UNIVERSO`, GROUP_CONCAT(PO.NOMBRE_PODER SEPARATOR \', \') AS PODERES
FROM `TBL_PERSONAJE` `P`
JOIN `TBL_RAZA` `R` ON `R`.`ID_RAZA` = `P`.`ID_RAZA`
JOIN `TBL_UNIVERSOS` `U` ON `U`.`ID_UNIVERSO` = `P`.`ID_UNIVERSO`
WHERE `U`.`ID_UNIVERSO` = :U.ID_UNIVERSO:
ORDER BY `P`.`NOMBRE_PERSONAJE` ASC', [...], false)
 4 APPPATH\Models\PersonajesModel.php(41): CodeIgniter\Database\BaseBuilder->get()
 5 APPPATH\Controllers\Personajes.php(37): App\Models\PersonajesModel->filtroUniverso('1')
 6 SYSTEMPATH\CodeIgniter.php(941): App\Controllers\Personajes->filtroUniversos('1')
 7 SYSTEMPATH\CodeIgniter.php(502): CodeIgniter\CodeIgniter->runController(Object(App\Controllers\Personajes))
 8 SYSTEMPATH\CodeIgniter.php(361): CodeIgniter\CodeIgniter->handleRequest(null, Object(Config\Cache), false)
 9 FCPATH\index.php(79): CodeIgniter\CodeIgniter->run()
10 SYSTEMPATH\Commands\Server\rewrite.php(47): require_once('C:\\Users\\Drummer\\Documents\\Apprende\\trainee-drangonball-backend\\public\\index.php')
CRITICAL - 2024-03-06 03:15:47 --> [Caused by] mysqli_sql_exception: Unknown column 'PO.NOMBRE_PODER' in 'field list'
in SYSTEMPATH\Database\MySQLi\Connection.php on line 306.
 1 SYSTEMPATH\Database\MySQLi\Connection.php(306): mysqli->query('SELECT `P`.`ID_PERSONAJE` AS `ID`, `P`.`NOMBRE_PERSONAJE` AS `NOMBRE`, `P`.`IMAGEN` AS `IMAGEN`, `P`.`DESCRIPCION` AS `DESCRIPCION`, `R`.`NOMBRE_RAZA` AS `RAZA`, `P`.`BIOGRAFIA` AS `BIOGRAFIA`, `U`.`NOMBRE_UNIVERSO` AS `UNIVERSO`, GROUP_CONCAT(PO.NOMBRE_PODER SEPARATOR \', \') AS PODERES
FROM `TBL_PERSONAJE` `P`
JOIN `TBL_RAZA` `R` ON `R`.`ID_RAZA` = `P`.`ID_RAZA`
JOIN `TBL_UNIVERSOS` `U` ON `U`.`ID_UNIVERSO` = `P`.`ID_UNIVERSO`
WHERE `U`.`ID_UNIVERSO` = \'1\'
ORDER BY `P`.`NOMBRE_PERSONAJE` ASC', 0)
 2 SYSTEMPATH\Database\BaseConnection.php(693): CodeIgniter\Database\MySQLi\Connection->execute('SELECT `P`.`ID_PERSONAJE` AS `ID`, `P`.`NOMBRE_PERSONAJE` AS `NOMBRE`, `P`.`IMAGEN` AS `IMAGEN`, `P`.`DESCRIPCION` AS `DESCRIPCION`, `R`.`NOMBRE_RAZA` AS `RAZA`, `P`.`BIOGRAFIA` AS `BIOGRAFIA`, `U`.`NOMBRE_UNIVERSO` AS `UNIVERSO`, GROUP_CONCAT(PO.NOMBRE_PODER SEPARATOR \', \') AS PODERES
FROM `TBL_PERSONAJE` `P`
JOIN `TBL_RAZA` `R` ON `R`.`ID_RAZA` = `P`.`ID_RAZA`
JOIN `TBL_UNIVERSOS` `U` ON `U`.`ID_UNIVERSO` = `P`.`ID_UNIVERSO`
WHERE `U`.`ID_UNIVERSO` = \'1\'
ORDER BY `P`.`NOMBRE_PERSONAJE` ASC')
 3 SYSTEMPATH\Database\BaseConnection.php(607): CodeIgniter\Database\BaseConnection->simpleQuery('SELECT `P`.`ID_PERSONAJE` AS `ID`, `P`.`NOMBRE_PERSONAJE` AS `NOMBRE`, `P`.`IMAGEN` AS `IMAGEN`, `P`.`DESCRIPCION` AS `DESCRIPCION`, `R`.`NOMBRE_RAZA` AS `RAZA`, `P`.`BIOGRAFIA` AS `BIOGRAFIA`, `U`.`NOMBRE_UNIVERSO` AS `UNIVERSO`, GROUP_CONCAT(PO.NOMBRE_PODER SEPARATOR \', \') AS PODERES
FROM `TBL_PERSONAJE` `P`
JOIN `TBL_RAZA` `R` ON `R`.`ID_RAZA` = `P`.`ID_RAZA`
JOIN `TBL_UNIVERSOS` `U` ON `U`.`ID_UNIVERSO` = `P`.`ID_UNIVERSO`
WHERE `U`.`ID_UNIVERSO` = \'1\'
ORDER BY `P`.`NOMBRE_PERSONAJE` ASC')
 4 SYSTEMPATH\Database\BaseBuilder.php(1616): CodeIgniter\Database\BaseConnection->query('SELECT `P`.`ID_PERSONAJE` AS `ID`, `P`.`NOMBRE_PERSONAJE` AS `NOMBRE`, `P`.`IMAGEN` AS `IMAGEN`, `P`.`DESCRIPCION` AS `DESCRIPCION`, `R`.`NOMBRE_RAZA` AS `RAZA`, `P`.`BIOGRAFIA` AS `BIOGRAFIA`, `U`.`NOMBRE_UNIVERSO` AS `UNIVERSO`, GROUP_CONCAT(PO.NOMBRE_PODER SEPARATOR \', \') AS PODERES
FROM `TBL_PERSONAJE` `P`
JOIN `TBL_RAZA` `R` ON `R`.`ID_RAZA` = `P`.`ID_RAZA`
JOIN `TBL_UNIVERSOS` `U` ON `U`.`ID_UNIVERSO` = `P`.`ID_UNIVERSO`
WHERE `U`.`ID_UNIVERSO` = :U.ID_UNIVERSO:
ORDER BY `P`.`NOMBRE_PERSONAJE` ASC', [...], false)
 5 APPPATH\Models\PersonajesModel.php(41): CodeIgniter\Database\BaseBuilder->get()
 6 APPPATH\Controllers\Personajes.php(37): App\Models\PersonajesModel->filtroUniverso('1')
 7 SYSTEMPATH\CodeIgniter.php(941): App\Controllers\Personajes->filtroUniversos('1')
 8 SYSTEMPATH\CodeIgniter.php(502): CodeIgniter\CodeIgniter->runController(Object(App\Controllers\Personajes))
 9 SYSTEMPATH\CodeIgniter.php(361): CodeIgniter\CodeIgniter->handleRequest(null, Object(Config\Cache), false)
10 FCPATH\index.php(79): CodeIgniter\CodeIgniter->run()
11 SYSTEMPATH\Commands\Server\rewrite.php(47): require_once('C:\\Users\\Drummer\\Documents\\Apprende\\trainee-drangonball-backend\\public\\index.php')
ERROR - 2024-03-06 03:15:58 --> mysqli_sql_exception: Unknown column 'PO.NOMBRE_PODER' in 'field list' in C:\Users\Drummer\Documents\Apprende\trainee-drangonball-backend\system\Database\MySQLi\Connection.php:306
Stack trace:
#0 C:\Users\Drummer\Documents\Apprende\trainee-drangonball-backend\system\Database\MySQLi\Connection.php(306): mysqli->query('SELECT `P`.`ID_...', 0)
#1 C:\Users\Drummer\Documents\Apprende\trainee-drangonball-backend\system\Database\BaseConnection.php(693): CodeIgniter\Database\MySQLi\Connection->execute('SELECT `P`.`ID_...')
#2 C:\Users\Drummer\Documents\Apprende\trainee-drangonball-backend\system\Database\BaseConnection.php(607): CodeIgniter\Database\BaseConnection->simpleQuery('SELECT `P`.`ID_...')
#3 C:\Users\Drummer\Documents\Apprende\trainee-drangonball-backend\system\Database\BaseBuilder.php(1616): CodeIgniter\Database\BaseConnection->query('SELECT `P`.`ID_...', Array, false)
#4 C:\Users\Drummer\Documents\Apprende\trainee-drangonball-backend\app\Models\PersonajesModel.php(41): CodeIgniter\Database\BaseBuilder->get()
#5 C:\Users\Drummer\Documents\Apprende\trainee-drangonball-backend\app\Controllers\Personajes.php(37): App\Models\PersonajesModel->filtroUniverso('1')
#6 C:\Users\Drummer\Documents\Apprende\trainee-drangonball-backend\system\CodeIgniter.php(941): App\Controllers\Personajes->filtroUniversos('1')
#7 C:\Users\Drummer\Documents\Apprende\trainee-drangonball-backend\system\CodeIgniter.php(502): CodeIgniter\CodeIgniter->runController(Object(App\Controllers\Personajes))
#8 C:\Users\Drummer\Documents\Apprende\trainee-drangonball-backend\system\CodeIgniter.php(361): CodeIgniter\CodeIgniter->handleRequest(NULL, Object(Config\Cache), false)
#9 C:\Users\Drummer\Documents\Apprende\trainee-drangonball-backend\public\index.php(79): CodeIgniter\CodeIgniter->run()
#10 C:\Users\Drummer\Documents\Apprende\trainee-drangonball-backend\system\Commands\Server\rewrite.php(47): require_once('C:\\Users\\Drumme...')
#11 {main}
CRITICAL - 2024-03-06 03:15:58 --> CodeIgniter\Database\Exceptions\DatabaseException: Unknown column 'PO.NOMBRE_PODER' in 'field list'
in SYSTEMPATH\Database\BaseConnection.php on line 647.
 1 SYSTEMPATH\Database\BaseBuilder.php(1616): CodeIgniter\Database\BaseConnection->query('SELECT `P`.`ID_PERSONAJE` AS `ID`, `P`.`NOMBRE_PERSONAJE` AS `NOMBRE`, `P`.`IMAGEN` AS `IMAGEN`, `P`.`DESCRIPCION` AS `DESCRIPCION`, `R`.`NOMBRE_RAZA` AS `RAZA`, `P`.`BIOGRAFIA` AS `BIOGRAFIA`, `U`.`NOMBRE_UNIVERSO` AS `UNIVERSO`, GROUP_CONCAT(PO.NOMBRE_PODER SEPARATOR \', \') AS PODERES
FROM `TBL_PERSONAJE` `P`
JOIN `TBL_RAZA` `R` ON `R`.`ID_RAZA` = `P`.`ID_RAZA`
JOIN `TBL_UNIVERSOS` `U` ON `U`.`ID_UNIVERSO` = `P`.`ID_UNIVERSO`
WHERE `U`.`ID_UNIVERSO` = :U.ID_UNIVERSO:
ORDER BY `P`.`NOMBRE_PERSONAJE` ASC', [...], false)
 2 APPPATH\Models\PersonajesModel.php(41): CodeIgniter\Database\BaseBuilder->get()
 3 APPPATH\Controllers\Personajes.php(37): App\Models\PersonajesModel->filtroUniverso('1')
 4 SYSTEMPATH\CodeIgniter.php(941): App\Controllers\Personajes->filtroUniversos('1')
 5 SYSTEMPATH\CodeIgniter.php(502): CodeIgniter\CodeIgniter->runController(Object(App\Controllers\Personajes))
 6 SYSTEMPATH\CodeIgniter.php(361): CodeIgniter\CodeIgniter->handleRequest(null, Object(Config\Cache), false)
 7 FCPATH\index.php(79): CodeIgniter\CodeIgniter->run()
 8 SYSTEMPATH\Commands\Server\rewrite.php(47): require_once('C:\\Users\\Drummer\\Documents\\Apprende\\trainee-drangonball-backend\\public\\index.php')
CRITICAL - 2024-03-06 03:15:58 --> [Caused by] CodeIgniter\Database\Exceptions\DatabaseException: Unknown column 'PO.NOMBRE_PODER' in 'field list'
in SYSTEMPATH\Database\MySQLi\Connection.php on line 311.
 1 SYSTEMPATH\Database\BaseConnection.php(693): CodeIgniter\Database\MySQLi\Connection->execute('SELECT `P`.`ID_PERSONAJE` AS `ID`, `P`.`NOMBRE_PERSONAJE` AS `NOMBRE`, `P`.`IMAGEN` AS `IMAGEN`, `P`.`DESCRIPCION` AS `DESCRIPCION`, `R`.`NOMBRE_RAZA` AS `RAZA`, `P`.`BIOGRAFIA` AS `BIOGRAFIA`, `U`.`NOMBRE_UNIVERSO` AS `UNIVERSO`, GROUP_CONCAT(PO.NOMBRE_PODER SEPARATOR \', \') AS PODERES
FROM `TBL_PERSONAJE` `P`
JOIN `TBL_RAZA` `R` ON `R`.`ID_RAZA` = `P`.`ID_RAZA`
JOIN `TBL_UNIVERSOS` `U` ON `U`.`ID_UNIVERSO` = `P`.`ID_UNIVERSO`
WHERE `U`.`ID_UNIVERSO` = \'1\'
ORDER BY `P`.`NOMBRE_PERSONAJE` ASC')
 2 SYSTEMPATH\Database\BaseConnection.php(607): CodeIgniter\Database\BaseConnection->simpleQuery('SELECT `P`.`ID_PERSONAJE` AS `ID`, `P`.`NOMBRE_PERSONAJE` AS `NOMBRE`, `P`.`IMAGEN` AS `IMAGEN`, `P`.`DESCRIPCION` AS `DESCRIPCION`, `R`.`NOMBRE_RAZA` AS `RAZA`, `P`.`BIOGRAFIA` AS `BIOGRAFIA`, `U`.`NOMBRE_UNIVERSO` AS `UNIVERSO`, GROUP_CONCAT(PO.NOMBRE_PODER SEPARATOR \', \') AS PODERES
FROM `TBL_PERSONAJE` `P`
JOIN `TBL_RAZA` `R` ON `R`.`ID_RAZA` = `P`.`ID_RAZA`
JOIN `TBL_UNIVERSOS` `U` ON `U`.`ID_UNIVERSO` = `P`.`ID_UNIVERSO`
WHERE `U`.`ID_UNIVERSO` = \'1\'
ORDER BY `P`.`NOMBRE_PERSONAJE` ASC')
 3 SYSTEMPATH\Database\BaseBuilder.php(1616): CodeIgniter\Database\BaseConnection->query('SELECT `P`.`ID_PERSONAJE` AS `ID`, `P`.`NOMBRE_PERSONAJE` AS `NOMBRE`, `P`.`IMAGEN` AS `IMAGEN`, `P`.`DESCRIPCION` AS `DESCRIPCION`, `R`.`NOMBRE_RAZA` AS `RAZA`, `P`.`BIOGRAFIA` AS `BIOGRAFIA`, `U`.`NOMBRE_UNIVERSO` AS `UNIVERSO`, GROUP_CONCAT(PO.NOMBRE_PODER SEPARATOR \', \') AS PODERES
FROM `TBL_PERSONAJE` `P`
JOIN `TBL_RAZA` `R` ON `R`.`ID_RAZA` = `P`.`ID_RAZA`
JOIN `TBL_UNIVERSOS` `U` ON `U`.`ID_UNIVERSO` = `P`.`ID_UNIVERSO`
WHERE `U`.`ID_UNIVERSO` = :U.ID_UNIVERSO:
ORDER BY `P`.`NOMBRE_PERSONAJE` ASC', [...], false)
 4 APPPATH\Models\PersonajesModel.php(41): CodeIgniter\Database\BaseBuilder->get()
 5 APPPATH\Controllers\Personajes.php(37): App\Models\PersonajesModel->filtroUniverso('1')
 6 SYSTEMPATH\CodeIgniter.php(941): App\Controllers\Personajes->filtroUniversos('1')
 7 SYSTEMPATH\CodeIgniter.php(502): CodeIgniter\CodeIgniter->runController(Object(App\Controllers\Personajes))
 8 SYSTEMPATH\CodeIgniter.php(361): CodeIgniter\CodeIgniter->handleRequest(null, Object(Config\Cache), false)
 9 FCPATH\index.php(79): CodeIgniter\CodeIgniter->run()
10 SYSTEMPATH\Commands\Server\rewrite.php(47): require_once('C:\\Users\\Drummer\\Documents\\Apprende\\trainee-drangonball-backend\\public\\index.php')
CRITICAL - 2024-03-06 03:15:58 --> [Caused by] mysqli_sql_exception: Unknown column 'PO.NOMBRE_PODER' in 'field list'
in SYSTEMPATH\Database\MySQLi\Connection.php on line 306.
 1 SYSTEMPATH\Database\MySQLi\Connection.php(306): mysqli->query('SELECT `P`.`ID_PERSONAJE` AS `ID`, `P`.`NOMBRE_PERSONAJE` AS `NOMBRE`, `P`.`IMAGEN` AS `IMAGEN`, `P`.`DESCRIPCION` AS `DESCRIPCION`, `R`.`NOMBRE_RAZA` AS `RAZA`, `P`.`BIOGRAFIA` AS `BIOGRAFIA`, `U`.`NOMBRE_UNIVERSO` AS `UNIVERSO`, GROUP_CONCAT(PO.NOMBRE_PODER SEPARATOR \', \') AS PODERES
FROM `TBL_PERSONAJE` `P`
JOIN `TBL_RAZA` `R` ON `R`.`ID_RAZA` = `P`.`ID_RAZA`
JOIN `TBL_UNIVERSOS` `U` ON `U`.`ID_UNIVERSO` = `P`.`ID_UNIVERSO`
WHERE `U`.`ID_UNIVERSO` = \'1\'
ORDER BY `P`.`NOMBRE_PERSONAJE` ASC', 0)
 2 SYSTEMPATH\Database\BaseConnection.php(693): CodeIgniter\Database\MySQLi\Connection->execute('SELECT `P`.`ID_PERSONAJE` AS `ID`, `P`.`NOMBRE_PERSONAJE` AS `NOMBRE`, `P`.`IMAGEN` AS `IMAGEN`, `P`.`DESCRIPCION` AS `DESCRIPCION`, `R`.`NOMBRE_RAZA` AS `RAZA`, `P`.`BIOGRAFIA` AS `BIOGRAFIA`, `U`.`NOMBRE_UNIVERSO` AS `UNIVERSO`, GROUP_CONCAT(PO.NOMBRE_PODER SEPARATOR \', \') AS PODERES
FROM `TBL_PERSONAJE` `P`
JOIN `TBL_RAZA` `R` ON `R`.`ID_RAZA` = `P`.`ID_RAZA`
JOIN `TBL_UNIVERSOS` `U` ON `U`.`ID_UNIVERSO` = `P`.`ID_UNIVERSO`
WHERE `U`.`ID_UNIVERSO` = \'1\'
ORDER BY `P`.`NOMBRE_PERSONAJE` ASC')
 3 SYSTEMPATH\Database\BaseConnection.php(607): CodeIgniter\Database\BaseConnection->simpleQuery('SELECT `P`.`ID_PERSONAJE` AS `ID`, `P`.`NOMBRE_PERSONAJE` AS `NOMBRE`, `P`.`IMAGEN` AS `IMAGEN`, `P`.`DESCRIPCION` AS `DESCRIPCION`, `R`.`NOMBRE_RAZA` AS `RAZA`, `P`.`BIOGRAFIA` AS `BIOGRAFIA`, `U`.`NOMBRE_UNIVERSO` AS `UNIVERSO`, GROUP_CONCAT(PO.NOMBRE_PODER SEPARATOR \', \') AS PODERES
FROM `TBL_PERSONAJE` `P`
JOIN `TBL_RAZA` `R` ON `R`.`ID_RAZA` = `P`.`ID_RAZA`
JOIN `TBL_UNIVERSOS` `U` ON `U`.`ID_UNIVERSO` = `P`.`ID_UNIVERSO`
WHERE `U`.`ID_UNIVERSO` = \'1\'
ORDER BY `P`.`NOMBRE_PERSONAJE` ASC')
 4 SYSTEMPATH\Database\BaseBuilder.php(1616): CodeIgniter\Database\BaseConnection->query('SELECT `P`.`ID_PERSONAJE` AS `ID`, `P`.`NOMBRE_PERSONAJE` AS `NOMBRE`, `P`.`IMAGEN` AS `IMAGEN`, `P`.`DESCRIPCION` AS `DESCRIPCION`, `R`.`NOMBRE_RAZA` AS `RAZA`, `P`.`BIOGRAFIA` AS `BIOGRAFIA`, `U`.`NOMBRE_UNIVERSO` AS `UNIVERSO`, GROUP_CONCAT(PO.NOMBRE_PODER SEPARATOR \', \') AS PODERES
FROM `TBL_PERSONAJE` `P`
JOIN `TBL_RAZA` `R` ON `R`.`ID_RAZA` = `P`.`ID_RAZA`
JOIN `TBL_UNIVERSOS` `U` ON `U`.`ID_UNIVERSO` = `P`.`ID_UNIVERSO`
WHERE `U`.`ID_UNIVERSO` = :U.ID_UNIVERSO:
ORDER BY `P`.`NOMBRE_PERSONAJE` ASC', [...], false)
 5 APPPATH\Models\PersonajesModel.php(41): CodeIgniter\Database\BaseBuilder->get()
 6 APPPATH\Controllers\Personajes.php(37): App\Models\PersonajesModel->filtroUniverso('1')
 7 SYSTEMPATH\CodeIgniter.php(941): App\Controllers\Personajes->filtroUniversos('1')
 8 SYSTEMPATH\CodeIgniter.php(502): CodeIgniter\CodeIgniter->runController(Object(App\Controllers\Personajes))
 9 SYSTEMPATH\CodeIgniter.php(361): CodeIgniter\CodeIgniter->handleRequest(null, Object(Config\Cache), false)
10 FCPATH\index.php(79): CodeIgniter\CodeIgniter->run()
11 SYSTEMPATH\Commands\Server\rewrite.php(47): require_once('C:\\Users\\Drummer\\Documents\\Apprende\\trainee-drangonball-backend\\public\\index.php')
