CRITICAL - 2024-03-04 19:40:52 --> Error: Call to undefined method CodeIgniter\Database\MySQLi\Result::getArray()
in APPPATH\Models\PersonajesModel.php on line 31.
 1 APPPATH\Controllers\Personajes.php(37): App\Models\PersonajesModel->personajesUniverso('2')
 2 SYSTEMPATH\CodeIgniter.php(941): App\Controllers\Personajes->pjsUniverso('2')
 3 SYSTEMPATH\CodeIgniter.php(502): CodeIgniter\CodeIgniter->runController(Object(App\Controllers\Personajes))
 4 SYSTEMPATH\CodeIgniter.php(361): CodeIgniter\CodeIgniter->handleRequest(null, Object(Config\Cache), false)
 5 FCPATH\index.php(79): CodeIgniter\CodeIgniter->run()
 6 SYSTEMPATH\Commands\Server\rewrite.php(47): require_once('C:\\Users\\Drummer\\Documents\\Apprende\\trainee-drangonball-backend\\public\\index.php')
CRITICAL - 2024-03-04 19:50:39 --> BadMethodCallException: Call to undefined method App\Models\PersonajesModel::filtroUniverso
in SYSTEMPATH\Model.php on line 874.
 1 APPPATH\Controllers\Personajes.php(37): CodeIgniter\Model->__call('filtroUniverso', [...])
 2 SYSTEMPATH\CodeIgniter.php(941): App\Controllers\Personajes->buscarUniverso('2')
 3 SYSTEMPATH\CodeIgniter.php(502): CodeIgniter\CodeIgniter->runController(Object(App\Controllers\Personajes))
 4 SYSTEMPATH\CodeIgniter.php(361): CodeIgniter\CodeIgniter->handleRequest(null, Object(Config\Cache), false)
 5 FCPATH\index.php(79): CodeIgniter\CodeIgniter->run()
 6 SYSTEMPATH\Commands\Server\rewrite.php(47): require_once('C:\\Users\\Drummer\\Documents\\Apprende\\trainee-drangonball-backend\\public\\index.php')
CRITICAL - 2024-03-04 19:50:47 --> BadMethodCallException: Call to undefined method App\Models\PersonajesModel::filtroUniverso
in SYSTEMPATH\Model.php on line 874.
 1 APPPATH\Controllers\Personajes.php(37): CodeIgniter\Model->__call('filtroUniverso', [...])
 2 SYSTEMPATH\CodeIgniter.php(941): App\Controllers\Personajes->buscarUniverso('1')
 3 SYSTEMPATH\CodeIgniter.php(502): CodeIgniter\CodeIgniter->runController(Object(App\Controllers\Personajes))
 4 SYSTEMPATH\CodeIgniter.php(361): CodeIgniter\CodeIgniter->handleRequest(null, Object(Config\Cache), false)
 5 FCPATH\index.php(79): CodeIgniter\CodeIgniter->run()
 6 SYSTEMPATH\Commands\Server\rewrite.php(47): require_once('C:\\Users\\Drummer\\Documents\\Apprende\\trainee-drangonball-backend\\public\\index.php')
CRITICAL - 2024-03-04 19:50:59 --> BadMethodCallException: Call to undefined method App\Models\PersonajesModel::filtroUniverso
in SYSTEMPATH\Model.php on line 874.
 1 APPPATH\Controllers\Personajes.php(37): CodeIgniter\Model->__call('filtroUniverso', [...])
 2 SYSTEMPATH\CodeIgniter.php(941): App\Controllers\Personajes->buscarUniverso('1')
 3 SYSTEMPATH\CodeIgniter.php(502): CodeIgniter\CodeIgniter->runController(Object(App\Controllers\Personajes))
 4 SYSTEMPATH\CodeIgniter.php(361): CodeIgniter\CodeIgniter->handleRequest(null, Object(Config\Cache), false)
 5 FCPATH\index.php(79): CodeIgniter\CodeIgniter->run()
 6 SYSTEMPATH\Commands\Server\rewrite.php(47): require_once('C:\\Users\\Drummer\\Documents\\Apprende\\trainee-drangonball-backend\\public\\index.php')
CRITICAL - 2024-03-04 19:52:09 --> BadMethodCallException: Call to undefined method App\Models\PersonajesModel::filtroUniverso
in SYSTEMPATH\Model.php on line 874.
 1 APPPATH\Controllers\Personajes.php(37): CodeIgniter\Model->__call('filtroUniverso', [...])
 2 SYSTEMPATH\CodeIgniter.php(941): App\Controllers\Personajes->buscarUniverso('1')
 3 SYSTEMPATH\CodeIgniter.php(502): CodeIgniter\CodeIgniter->runController(Object(App\Controllers\Personajes))
 4 SYSTEMPATH\CodeIgniter.php(361): CodeIgniter\CodeIgniter->handleRequest(null, Object(Config\Cache), false)
 5 FCPATH\index.php(79): CodeIgniter\CodeIgniter->run()
 6 SYSTEMPATH\Commands\Server\rewrite.php(47): require_once('C:\\Users\\Drummer\\Documents\\Apprende\\trainee-drangonball-backend\\public\\index.php')
CRITICAL - 2024-03-04 19:52:28 --> BadMethodCallException: Call to undefined method App\Models\PersonajesModel::filtroUniverso
in SYSTEMPATH\Model.php on line 874.
 1 APPPATH\Controllers\Personajes.php(37): CodeIgniter\Model->__call('filtroUniverso', [...])
 2 SYSTEMPATH\CodeIgniter.php(941): App\Controllers\Personajes->buscarUniverso('1')
 3 SYSTEMPATH\CodeIgniter.php(502): CodeIgniter\CodeIgniter->runController(Object(App\Controllers\Personajes))
 4 SYSTEMPATH\CodeIgniter.php(361): CodeIgniter\CodeIgniter->handleRequest(null, Object(Config\Cache), false)
 5 FCPATH\index.php(79): CodeIgniter\CodeIgniter->run()
 6 SYSTEMPATH\Commands\Server\rewrite.php(47): require_once('C:\\Users\\Drummer\\Documents\\Apprende\\trainee-drangonball-backend\\public\\index.php')
CRITICAL - 2024-03-04 19:52:33 --> BadMethodCallException: Call to undefined method App\Models\PersonajesModel::filtroUniverso
in SYSTEMPATH\Model.php on line 874.
 1 APPPATH\Controllers\Personajes.php(37): CodeIgniter\Model->__call('filtroUniverso', [...])
 2 SYSTEMPATH\CodeIgniter.php(941): App\Controllers\Personajes->buscarUniverso('2')
 3 SYSTEMPATH\CodeIgniter.php(502): CodeIgniter\CodeIgniter->runController(Object(App\Controllers\Personajes))
 4 SYSTEMPATH\CodeIgniter.php(361): CodeIgniter\CodeIgniter->handleRequest(null, Object(Config\Cache), false)
 5 FCPATH\index.php(79): CodeIgniter\CodeIgniter->run()
 6 SYSTEMPATH\Commands\Server\rewrite.php(47): require_once('C:\\Users\\Drummer\\Documents\\Apprende\\trainee-drangonball-backend\\public\\index.php')
CRITICAL - 2024-03-04 19:52:51 --> BadMethodCallException: Call to undefined method App\Models\PersonajesModel::filtroUniverso
in SYSTEMPATH\Model.php on line 874.
 1 APPPATH\Controllers\Personajes.php(37): CodeIgniter\Model->__call('filtroUniverso', [...])
 2 SYSTEMPATH\CodeIgniter.php(941): App\Controllers\Personajes->buscarUniverso('2')
 3 SYSTEMPATH\CodeIgniter.php(502): CodeIgniter\CodeIgniter->runController(Object(App\Controllers\Personajes))
 4 SYSTEMPATH\CodeIgniter.php(361): CodeIgniter\CodeIgniter->handleRequest(null, Object(Config\Cache), false)
 5 FCPATH\index.php(79): CodeIgniter\CodeIgniter->run()
 6 SYSTEMPATH\Commands\Server\rewrite.php(47): require_once('C:\\Users\\Drummer\\Documents\\Apprende\\trainee-drangonball-backend\\public\\index.php')
CRITICAL - 2024-03-04 19:52:55 --> BadMethodCallException: Call to undefined method App\Models\PersonajesModel::filtroUniverso
in SYSTEMPATH\Model.php on line 874.
 1 APPPATH\Controllers\Personajes.php(37): CodeIgniter\Model->__call('filtroUniverso', [...])
 2 SYSTEMPATH\CodeIgniter.php(941): App\Controllers\Personajes->buscarUniverso('1')
 3 SYSTEMPATH\CodeIgniter.php(502): CodeIgniter\CodeIgniter->runController(Object(App\Controllers\Personajes))
 4 SYSTEMPATH\CodeIgniter.php(361): CodeIgniter\CodeIgniter->handleRequest(null, Object(Config\Cache), false)
 5 FCPATH\index.php(79): CodeIgniter\CodeIgniter->run()
 6 SYSTEMPATH\Commands\Server\rewrite.php(47): require_once('C:\\Users\\Drummer\\Documents\\Apprende\\trainee-drangonball-backend\\public\\index.php')
CRITICAL - 2024-03-04 19:54:02 --> BadMethodCallException: Call to undefined method App\Models\PersonajesModel::filtroUniverso
in SYSTEMPATH\Model.php on line 874.
 1 APPPATH\Controllers\Personajes.php(37): CodeIgniter\Model->__call('filtroUniverso', [...])
 2 SYSTEMPATH\CodeIgniter.php(941): App\Controllers\Personajes->buscarUniverso('1')
 3 SYSTEMPATH\CodeIgniter.php(502): CodeIgniter\CodeIgniter->runController(Object(App\Controllers\Personajes))
 4 SYSTEMPATH\CodeIgniter.php(361): CodeIgniter\CodeIgniter->handleRequest(null, Object(Config\Cache), false)
 5 FCPATH\index.php(79): CodeIgniter\CodeIgniter->run()
 6 SYSTEMPATH\Commands\Server\rewrite.php(47): require_once('C:\\Users\\Drummer\\Documents\\Apprende\\trainee-drangonball-backend\\public\\index.php')
CRITICAL - 2024-03-04 19:54:04 --> BadMethodCallException: Call to undefined method App\Models\PersonajesModel::filtroUniverso
in SYSTEMPATH\Model.php on line 874.
 1 APPPATH\Controllers\Personajes.php(37): CodeIgniter\Model->__call('filtroUniverso', [...])
 2 SYSTEMPATH\CodeIgniter.php(941): App\Controllers\Personajes->buscarUniverso('1')
 3 SYSTEMPATH\CodeIgniter.php(502): CodeIgniter\CodeIgniter->runController(Object(App\Controllers\Personajes))
 4 SYSTEMPATH\CodeIgniter.php(361): CodeIgniter\CodeIgniter->handleRequest(null, Object(Config\Cache), false)
 5 FCPATH\index.php(79): CodeIgniter\CodeIgniter->run()
 6 SYSTEMPATH\Commands\Server\rewrite.php(47): require_once('C:\\Users\\Drummer\\Documents\\Apprende\\trainee-drangonball-backend\\public\\index.php')
CRITICAL - 2024-03-04 19:54:22 --> BadMethodCallException: Call to undefined method App\Models\PersonajesModel::tarjetaNombre
in SYSTEMPATH\Model.php on line 874.
 1 APPPATH\Controllers\Personajes.php(51): CodeIgniter\Model->__call('tarjetaNombre', [...])
 2 SYSTEMPATH\CodeIgniter.php(941): App\Controllers\Personajes->buscarNombre('Son')
 3 SYSTEMPATH\CodeIgniter.php(502): CodeIgniter\CodeIgniter->runController(Object(App\Controllers\Personajes))
 4 SYSTEMPATH\CodeIgniter.php(361): CodeIgniter\CodeIgniter->handleRequest(null, Object(Config\Cache), false)
 5 FCPATH\index.php(79): CodeIgniter\CodeIgniter->run()
 6 SYSTEMPATH\Commands\Server\rewrite.php(47): require_once('C:\\Users\\Drummer\\Documents\\Apprende\\trainee-drangonball-backend\\public\\index.php')
CRITICAL - 2024-03-04 19:54:25 --> BadMethodCallException: Call to undefined method App\Models\PersonajesModel::tarjetaNombre
in SYSTEMPATH\Model.php on line 874.
 1 APPPATH\Controllers\Personajes.php(51): CodeIgniter\Model->__call('tarjetaNombre', [...])
 2 SYSTEMPATH\CodeIgniter.php(941): App\Controllers\Personajes->buscarNombre('1')
 3 SYSTEMPATH\CodeIgniter.php(502): CodeIgniter\CodeIgniter->runController(Object(App\Controllers\Personajes))
 4 SYSTEMPATH\CodeIgniter.php(361): CodeIgniter\CodeIgniter->handleRequest(null, Object(Config\Cache), false)
 5 FCPATH\index.php(79): CodeIgniter\CodeIgniter->run()
 6 SYSTEMPATH\Commands\Server\rewrite.php(47): require_once('C:\\Users\\Drummer\\Documents\\Apprende\\trainee-drangonball-backend\\public\\index.php')
CRITICAL - 2024-03-04 19:54:28 --> BadMethodCallException: Call to undefined method App\Models\PersonajesModel::tarjetaNombre
in SYSTEMPATH\Model.php on line 874.
 1 APPPATH\Controllers\Personajes.php(51): CodeIgniter\Model->__call('tarjetaNombre', [...])
 2 SYSTEMPATH\CodeIgniter.php(941): App\Controllers\Personajes->buscarNombre('2')
 3 SYSTEMPATH\CodeIgniter.php(502): CodeIgniter\CodeIgniter->runController(Object(App\Controllers\Personajes))
 4 SYSTEMPATH\CodeIgniter.php(361): CodeIgniter\CodeIgniter->handleRequest(null, Object(Config\Cache), false)
 5 FCPATH\index.php(79): CodeIgniter\CodeIgniter->run()
 6 SYSTEMPATH\Commands\Server\rewrite.php(47): require_once('C:\\Users\\Drummer\\Documents\\Apprende\\trainee-drangonball-backend\\public\\index.php')
CRITICAL - 2024-03-04 19:56:12 --> BadMethodCallException: Call to undefined method App\Models\PersonajesModel::filtroUniverso
in SYSTEMPATH\Model.php on line 874.
 1 APPPATH\Controllers\Personajes.php(37): CodeIgniter\Model->__call('filtroUniverso', [...])
 2 SYSTEMPATH\CodeIgniter.php(941): App\Controllers\Personajes->buscarUniverso('1')
 3 SYSTEMPATH\CodeIgniter.php(502): CodeIgniter\CodeIgniter->runController(Object(App\Controllers\Personajes))
 4 SYSTEMPATH\CodeIgniter.php(361): CodeIgniter\CodeIgniter->handleRequest(null, Object(Config\Cache), false)
 5 FCPATH\index.php(79): CodeIgniter\CodeIgniter->run()
 6 SYSTEMPATH\Commands\Server\rewrite.php(47): require_once('C:\\Users\\Drummer\\Documents\\Apprende\\trainee-drangonball-backend\\public\\index.php')
CRITICAL - 2024-03-04 19:59:55 --> BadMethodCallException: Call to undefined method App\Models\PersonajesModel::filtroUniverso
in SYSTEMPATH\Model.php on line 874.
 1 APPPATH\Controllers\Personajes.php(37): CodeIgniter\Model->__call('filtroUniverso', [...])
 2 SYSTEMPATH\CodeIgniter.php(941): App\Controllers\Personajes->filtroUniversos('2')
 3 SYSTEMPATH\CodeIgniter.php(502): CodeIgniter\CodeIgniter->runController(Object(App\Controllers\Personajes))
 4 SYSTEMPATH\CodeIgniter.php(361): CodeIgniter\CodeIgniter->handleRequest(null, Object(Config\Cache), false)
 5 FCPATH\index.php(79): CodeIgniter\CodeIgniter->run()
 6 SYSTEMPATH\Commands\Server\rewrite.php(47): require_once('C:\\Users\\Drummer\\Documents\\Apprende\\trainee-drangonball-backend\\public\\index.php')
CRITICAL - 2024-03-04 20:00:09 --> BadMethodCallException: Call to undefined method App\Models\PersonajesModel::filtroUniverso
in SYSTEMPATH\Model.php on line 874.
 1 APPPATH\Controllers\Personajes.php(37): CodeIgniter\Model->__call('filtroUniverso', [...])
 2 SYSTEMPATH\CodeIgniter.php(941): App\Controllers\Personajes->filtroUniversos('2')
 3 SYSTEMPATH\CodeIgniter.php(502): CodeIgniter\CodeIgniter->runController(Object(App\Controllers\Personajes))
 4 SYSTEMPATH\CodeIgniter.php(361): CodeIgniter\CodeIgniter->handleRequest(null, Object(Config\Cache), false)
 5 FCPATH\index.php(79): CodeIgniter\CodeIgniter->run()
 6 SYSTEMPATH\Commands\Server\rewrite.php(47): require_once('C:\\Users\\Drummer\\Documents\\Apprende\\trainee-drangonball-backend\\public\\index.php')
CRITICAL - 2024-03-04 20:00:11 --> BadMethodCallException: Call to undefined method App\Models\PersonajesModel::filtroUniverso
in SYSTEMPATH\Model.php on line 874.
 1 APPPATH\Controllers\Personajes.php(37): CodeIgniter\Model->__call('filtroUniverso', [...])
 2 SYSTEMPATH\CodeIgniter.php(941): App\Controllers\Personajes->filtroUniversos('2')
 3 SYSTEMPATH\CodeIgniter.php(502): CodeIgniter\CodeIgniter->runController(Object(App\Controllers\Personajes))
 4 SYSTEMPATH\CodeIgniter.php(361): CodeIgniter\CodeIgniter->handleRequest(null, Object(Config\Cache), false)
 5 FCPATH\index.php(79): CodeIgniter\CodeIgniter->run()
 6 SYSTEMPATH\Commands\Server\rewrite.php(47): require_once('C:\\Users\\Drummer\\Documents\\Apprende\\trainee-drangonball-backend\\public\\index.php')
CRITICAL - 2024-03-04 20:00:16 --> BadMethodCallException: Call to undefined method App\Models\PersonajesModel::filtroUniverso
in SYSTEMPATH\Model.php on line 874.
 1 APPPATH\Controllers\Personajes.php(37): CodeIgniter\Model->__call('filtroUniverso', [...])
 2 SYSTEMPATH\CodeIgniter.php(941): App\Controllers\Personajes->filtroUniversos('1')
 3 SYSTEMPATH\CodeIgniter.php(502): CodeIgniter\CodeIgniter->runController(Object(App\Controllers\Personajes))
 4 SYSTEMPATH\CodeIgniter.php(361): CodeIgniter\CodeIgniter->handleRequest(null, Object(Config\Cache), false)
 5 FCPATH\index.php(79): CodeIgniter\CodeIgniter->run()
 6 SYSTEMPATH\Commands\Server\rewrite.php(47): require_once('C:\\Users\\Drummer\\Documents\\Apprende\\trainee-drangonball-backend\\public\\index.php')
CRITICAL - 2024-03-04 20:00:44 --> BadMethodCallException: Call to undefined method App\Models\PersonajesModel::filtroUniverso
in SYSTEMPATH\Model.php on line 874.
 1 APPPATH\Controllers\Personajes.php(37): CodeIgniter\Model->__call('filtroUniverso', [...])
 2 SYSTEMPATH\CodeIgniter.php(941): App\Controllers\Personajes->filtroUniversos('1')
 3 SYSTEMPATH\CodeIgniter.php(502): CodeIgniter\CodeIgniter->runController(Object(App\Controllers\Personajes))
 4 SYSTEMPATH\CodeIgniter.php(361): CodeIgniter\CodeIgniter->handleRequest(null, Object(Config\Cache), false)
 5 FCPATH\index.php(79): CodeIgniter\CodeIgniter->run()
 6 SYSTEMPATH\Commands\Server\rewrite.php(47): require_once('C:\\Users\\Drummer\\Documents\\Apprende\\trainee-drangonball-backend\\public\\index.php')
CRITICAL - 2024-03-04 20:00:47 --> BadMethodCallException: Call to undefined method App\Models\PersonajesModel::filtroUniverso
in SYSTEMPATH\Model.php on line 874.
 1 APPPATH\Controllers\Personajes.php(37): CodeIgniter\Model->__call('filtroUniverso', [...])
 2 SYSTEMPATH\CodeIgniter.php(941): App\Controllers\Personajes->filtroUniversos('2')
 3 SYSTEMPATH\CodeIgniter.php(502): CodeIgniter\CodeIgniter->runController(Object(App\Controllers\Personajes))
 4 SYSTEMPATH\CodeIgniter.php(361): CodeIgniter\CodeIgniter->handleRequest(null, Object(Config\Cache), false)
 5 FCPATH\index.php(79): CodeIgniter\CodeIgniter->run()
 6 SYSTEMPATH\Commands\Server\rewrite.php(47): require_once('C:\\Users\\Drummer\\Documents\\Apprende\\trainee-drangonball-backend\\public\\index.php')
CRITICAL - 2024-03-04 20:02:08 --> BadMethodCallException: Call to undefined method App\Models\PersonajesModel::filtroUniverso
in SYSTEMPATH\Model.php on line 874.
 1 APPPATH\Controllers\Personajes.php(37): CodeIgniter\Model->__call('filtroUniverso', [...])
 2 SYSTEMPATH\CodeIgniter.php(941): App\Controllers\Personajes->filtroUniversos('1')
 3 SYSTEMPATH\CodeIgniter.php(502): CodeIgniter\CodeIgniter->runController(Object(App\Controllers\Personajes))
 4 SYSTEMPATH\CodeIgniter.php(361): CodeIgniter\CodeIgniter->handleRequest(null, Object(Config\Cache), false)
 5 FCPATH\index.php(79): CodeIgniter\CodeIgniter->run()
 6 SYSTEMPATH\Commands\Server\rewrite.php(47): require_once('C:\\Users\\Drummer\\Documents\\Apprende\\trainee-drangonball-backend\\public\\index.php')
CRITICAL - 2024-03-04 20:07:51 --> BadMethodCallException: Call to undefined method App\Models\PersonajesModel::filtroNombre
in SYSTEMPATH\Model.php on line 874.
 1 APPPATH\Controllers\Personajes.php(51): CodeIgniter\Model->__call('filtroNombre', [...])
 2 SYSTEMPATH\CodeIgniter.php(941): App\Controllers\Personajes->filtroNombre('Son-Goku')
 3 SYSTEMPATH\CodeIgniter.php(502): CodeIgniter\CodeIgniter->runController(Object(App\Controllers\Personajes))
 4 SYSTEMPATH\CodeIgniter.php(361): CodeIgniter\CodeIgniter->handleRequest(null, Object(Config\Cache), false)
 5 FCPATH\index.php(79): CodeIgniter\CodeIgniter->run()
 6 SYSTEMPATH\Commands\Server\rewrite.php(47): require_once('C:\\Users\\Drummer\\Documents\\Apprende\\trainee-drangonball-backend\\public\\index.php')
CRITICAL - 2024-03-04 20:08:45 --> BadMethodCallException: Call to undefined method App\Models\PersonajesModel::filtroNombre
in SYSTEMPATH\Model.php on line 874.
 1 APPPATH\Controllers\Personajes.php(51): CodeIgniter\Model->__call('filtroNombre', [...])
 2 SYSTEMPATH\CodeIgniter.php(941): App\Controllers\Personajes->filtroNombre('Goku')
 3 SYSTEMPATH\CodeIgniter.php(502): CodeIgniter\CodeIgniter->runController(Object(App\Controllers\Personajes))
 4 SYSTEMPATH\CodeIgniter.php(361): CodeIgniter\CodeIgniter->handleRequest(null, Object(Config\Cache), false)
 5 FCPATH\index.php(79): CodeIgniter\CodeIgniter->run()
 6 SYSTEMPATH\Commands\Server\rewrite.php(47): require_once('C:\\Users\\Drummer\\Documents\\Apprende\\trainee-drangonball-backend\\public\\index.php')
CRITICAL - 2024-03-04 22:11:38 --> Error: Call to undefined method CodeIgniter\Database\MySQLi\Result::getArray()
in APPPATH\Models\PersonajesModel.php on line 20.
 1 APPPATH\Controllers\Personajes.php(23): App\Models\PersonajesModel->personajesTotales()
 2 SYSTEMPATH\CodeIgniter.php(941): App\Controllers\Personajes->listaPersonajes()
 3 SYSTEMPATH\CodeIgniter.php(502): CodeIgniter\CodeIgniter->runController(Object(App\Controllers\Personajes))
 4 SYSTEMPATH\CodeIgniter.php(361): CodeIgniter\CodeIgniter->handleRequest(null, Object(Config\Cache), false)
 5 FCPATH\index.php(79): CodeIgniter\CodeIgniter->run()
 6 SYSTEMPATH\Commands\Server\rewrite.php(47): require_once('C:\\Users\\Drummer\\Documents\\Apprende\\trainee-drangonball-backend\\public\\index.php')
CRITICAL - 2024-03-04 22:13:11 --> Error: Call to undefined method CodeIgniter\Database\MySQLi\Result::getArray()
in APPPATH\Models\PersonajesModel.php on line 20.
 1 APPPATH\Controllers\Personajes.php(23): App\Models\PersonajesModel->personajesTotales()
 2 SYSTEMPATH\CodeIgniter.php(941): App\Controllers\Personajes->listaPersonajes()
 3 SYSTEMPATH\CodeIgniter.php(502): CodeIgniter\CodeIgniter->runController(Object(App\Controllers\Personajes))
 4 SYSTEMPATH\CodeIgniter.php(361): CodeIgniter\CodeIgniter->handleRequest(null, Object(Config\Cache), false)
 5 FCPATH\index.php(79): CodeIgniter\CodeIgniter->run()
 6 SYSTEMPATH\Commands\Server\rewrite.php(47): require_once('C:\\Users\\Drummer\\Documents\\Apprende\\trainee-drangonball-backend\\public\\index.php')
CRITICAL - 2024-03-04 22:13:14 --> Error: Call to undefined method CodeIgniter\Database\MySQLi\Result::getArray()
in APPPATH\Models\PersonajesModel.php on line 20.
 1 APPPATH\Controllers\Personajes.php(23): App\Models\PersonajesModel->personajesTotales()
 2 SYSTEMPATH\CodeIgniter.php(941): App\Controllers\Personajes->listaPersonajes()
 3 SYSTEMPATH\CodeIgniter.php(502): CodeIgniter\CodeIgniter->runController(Object(App\Controllers\Personajes))
 4 SYSTEMPATH\CodeIgniter.php(361): CodeIgniter\CodeIgniter->handleRequest(null, Object(Config\Cache), false)
 5 FCPATH\index.php(79): CodeIgniter\CodeIgniter->run()
 6 SYSTEMPATH\Commands\Server\rewrite.php(47): require_once('C:\\Users\\Drummer\\Documents\\Apprende\\trainee-drangonball-backend\\public\\index.php')
ERROR - 2024-03-04 22:15:48 --> mysqli_sql_exception: Unknown column 'DISTINCT P.ID_PERSONAJE' in 'field list' in C:\Users\Drummer\Documents\Apprende\trainee-drangonball-backend\system\Database\MySQLi\Connection.php:306
Stack trace:
#0 C:\Users\Drummer\Documents\Apprende\trainee-drangonball-backend\system\Database\MySQLi\Connection.php(306): mysqli->query('SELECT `DISTINC...', 0)
#1 C:\Users\Drummer\Documents\Apprende\trainee-drangonball-backend\system\Database\BaseConnection.php(693): CodeIgniter\Database\MySQLi\Connection->execute('SELECT `DISTINC...')
#2 C:\Users\Drummer\Documents\Apprende\trainee-drangonball-backend\system\Database\BaseConnection.php(607): CodeIgniter\Database\BaseConnection->simpleQuery('SELECT `DISTINC...')
#3 C:\Users\Drummer\Documents\Apprende\trainee-drangonball-backend\system\Database\BaseBuilder.php(1616): CodeIgniter\Database\BaseConnection->query('SELECT `DISTINC...', Array, false)
#4 C:\Users\Drummer\Documents\Apprende\trainee-drangonball-backend\system\Model.php(872): CodeIgniter\Database\BaseBuilder->get()
#5 C:\Users\Drummer\Documents\Apprende\trainee-drangonball-backend\app\Models\PersonajesModel.php(20): CodeIgniter\Model->__call('get', Array)
#6 C:\Users\Drummer\Documents\Apprende\trainee-drangonball-backend\app\Controllers\Personajes.php(23): App\Models\PersonajesModel->personajesTotales()
#7 C:\Users\Drummer\Documents\Apprende\trainee-drangonball-backend\system\CodeIgniter.php(941): App\Controllers\Personajes->listaPersonajes()
#8 C:\Users\Drummer\Documents\Apprende\trainee-drangonball-backend\system\CodeIgniter.php(502): CodeIgniter\CodeIgniter->runController(Object(App\Controllers\Personajes))
#9 C:\Users\Drummer\Documents\Apprende\trainee-drangonball-backend\system\CodeIgniter.php(361): CodeIgniter\CodeIgniter->handleRequest(NULL, Object(Config\Cache), false)
#10 C:\Users\Drummer\Documents\Apprende\trainee-drangonball-backend\public\index.php(79): CodeIgniter\CodeIgniter->run()
#11 C:\Users\Drummer\Documents\Apprende\trainee-drangonball-backend\system\Commands\Server\rewrite.php(47): require_once('C:\\Users\\Drumme...')
#12 {main}
CRITICAL - 2024-03-04 22:15:48 --> CodeIgniter\Database\Exceptions\DatabaseException: Unknown column 'DISTINCT P.ID_PERSONAJE' in 'field list'
in SYSTEMPATH\Database\BaseConnection.php on line 647.
 1 SYSTEMPATH\Database\BaseBuilder.php(1616): CodeIgniter\Database\BaseConnection->query('SELECT `DISTINCT P`.`ID_PERSONAJE` AS `ID`, `P`.`NOMBRE_PERSONAJE` AS `NOMBRE`, `P`.`IMAGEN` AS `IMAGEN`, `U`.`NOMBRE_UNIVERSO` AS `UNIVERSO`
FROM (`TBL_PERSONAJE`, `TBL_PERSONAJE` `P`)
JOIN `TBL_UNIVERSOS` `U` ON `U`.`ID_UNIVERSO` = `P`.`ID_UNIVERSO`
GROUP BY `P`.`ID_PERSONAJE`', [], false)
 2 SYSTEMPATH\Model.php(872): CodeIgniter\Database\BaseBuilder->get()
 3 APPPATH\Models\PersonajesModel.php(20): CodeIgniter\Model->__call('get', [])
 4 APPPATH\Controllers\Personajes.php(23): App\Models\PersonajesModel->personajesTotales()
 5 SYSTEMPATH\CodeIgniter.php(941): App\Controllers\Personajes->listaPersonajes()
 6 SYSTEMPATH\CodeIgniter.php(502): CodeIgniter\CodeIgniter->runController(Object(App\Controllers\Personajes))
 7 SYSTEMPATH\CodeIgniter.php(361): CodeIgniter\CodeIgniter->handleRequest(null, Object(Config\Cache), false)
 8 FCPATH\index.php(79): CodeIgniter\CodeIgniter->run()
 9 SYSTEMPATH\Commands\Server\rewrite.php(47): require_once('C:\\Users\\Drummer\\Documents\\Apprende\\trainee-drangonball-backend\\public\\index.php')
CRITICAL - 2024-03-04 22:15:48 --> [Caused by] CodeIgniter\Database\Exceptions\DatabaseException: Unknown column 'DISTINCT P.ID_PERSONAJE' in 'field list'
in SYSTEMPATH\Database\MySQLi\Connection.php on line 311.
 1 SYSTEMPATH\Database\BaseConnection.php(693): CodeIgniter\Database\MySQLi\Connection->execute('SELECT `DISTINCT P`.`ID_PERSONAJE` AS `ID`, `P`.`NOMBRE_PERSONAJE` AS `NOMBRE`, `P`.`IMAGEN` AS `IMAGEN`, `U`.`NOMBRE_UNIVERSO` AS `UNIVERSO`
FROM (`TBL_PERSONAJE`, `TBL_PERSONAJE` `P`)
JOIN `TBL_UNIVERSOS` `U` ON `U`.`ID_UNIVERSO` = `P`.`ID_UNIVERSO`
GROUP BY `P`.`ID_PERSONAJE`')
 2 SYSTEMPATH\Database\BaseConnection.php(607): CodeIgniter\Database\BaseConnection->simpleQuery('SELECT `DISTINCT P`.`ID_PERSONAJE` AS `ID`, `P`.`NOMBRE_PERSONAJE` AS `NOMBRE`, `P`.`IMAGEN` AS `IMAGEN`, `U`.`NOMBRE_UNIVERSO` AS `UNIVERSO`
FROM (`TBL_PERSONAJE`, `TBL_PERSONAJE` `P`)
JOIN `TBL_UNIVERSOS` `U` ON `U`.`ID_UNIVERSO` = `P`.`ID_UNIVERSO`
GROUP BY `P`.`ID_PERSONAJE`')
 3 SYSTEMPATH\Database\BaseBuilder.php(1616): CodeIgniter\Database\BaseConnection->query('SELECT `DISTINCT P`.`ID_PERSONAJE` AS `ID`, `P`.`NOMBRE_PERSONAJE` AS `NOMBRE`, `P`.`IMAGEN` AS `IMAGEN`, `U`.`NOMBRE_UNIVERSO` AS `UNIVERSO`
FROM (`TBL_PERSONAJE`, `TBL_PERSONAJE` `P`)
JOIN `TBL_UNIVERSOS` `U` ON `U`.`ID_UNIVERSO` = `P`.`ID_UNIVERSO`
GROUP BY `P`.`ID_PERSONAJE`', [], false)
 4 SYSTEMPATH\Model.php(872): CodeIgniter\Database\BaseBuilder->get()
 5 APPPATH\Models\PersonajesModel.php(20): CodeIgniter\Model->__call('get', [])
 6 APPPATH\Controllers\Personajes.php(23): App\Models\PersonajesModel->personajesTotales()
 7 SYSTEMPATH\CodeIgniter.php(941): App\Controllers\Personajes->listaPersonajes()
 8 SYSTEMPATH\CodeIgniter.php(502): CodeIgniter\CodeIgniter->runController(Object(App\Controllers\Personajes))
 9 SYSTEMPATH\CodeIgniter.php(361): CodeIgniter\CodeIgniter->handleRequest(null, Object(Config\Cache), false)
10 FCPATH\index.php(79): CodeIgniter\CodeIgniter->run()
11 SYSTEMPATH\Commands\Server\rewrite.php(47): require_once('C:\\Users\\Drummer\\Documents\\Apprende\\trainee-drangonball-backend\\public\\index.php')
CRITICAL - 2024-03-04 22:15:48 --> [Caused by] mysqli_sql_exception: Unknown column 'DISTINCT P.ID_PERSONAJE' in 'field list'
in SYSTEMPATH\Database\MySQLi\Connection.php on line 306.
 1 SYSTEMPATH\Database\MySQLi\Connection.php(306): mysqli->query('SELECT `DISTINCT P`.`ID_PERSONAJE` AS `ID`, `P`.`NOMBRE_PERSONAJE` AS `NOMBRE`, `P`.`IMAGEN` AS `IMAGEN`, `U`.`NOMBRE_UNIVERSO` AS `UNIVERSO`
FROM (`TBL_PERSONAJE`, `TBL_PERSONAJE` `P`)
JOIN `TBL_UNIVERSOS` `U` ON `U`.`ID_UNIVERSO` = `P`.`ID_UNIVERSO`
GROUP BY `P`.`ID_PERSONAJE`', 0)
 2 SYSTEMPATH\Database\BaseConnection.php(693): CodeIgniter\Database\MySQLi\Connection->execute('SELECT `DISTINCT P`.`ID_PERSONAJE` AS `ID`, `P`.`NOMBRE_PERSONAJE` AS `NOMBRE`, `P`.`IMAGEN` AS `IMAGEN`, `U`.`NOMBRE_UNIVERSO` AS `UNIVERSO`
FROM (`TBL_PERSONAJE`, `TBL_PERSONAJE` `P`)
JOIN `TBL_UNIVERSOS` `U` ON `U`.`ID_UNIVERSO` = `P`.`ID_UNIVERSO`
GROUP BY `P`.`ID_PERSONAJE`')
 3 SYSTEMPATH\Database\BaseConnection.php(607): CodeIgniter\Database\BaseConnection->simpleQuery('SELECT `DISTINCT P`.`ID_PERSONAJE` AS `ID`, `P`.`NOMBRE_PERSONAJE` AS `NOMBRE`, `P`.`IMAGEN` AS `IMAGEN`, `U`.`NOMBRE_UNIVERSO` AS `UNIVERSO`
FROM (`TBL_PERSONAJE`, `TBL_PERSONAJE` `P`)
JOIN `TBL_UNIVERSOS` `U` ON `U`.`ID_UNIVERSO` = `P`.`ID_UNIVERSO`
GROUP BY `P`.`ID_PERSONAJE`')
 4 SYSTEMPATH\Database\BaseBuilder.php(1616): CodeIgniter\Database\BaseConnection->query('SELECT `DISTINCT P`.`ID_PERSONAJE` AS `ID`, `P`.`NOMBRE_PERSONAJE` AS `NOMBRE`, `P`.`IMAGEN` AS `IMAGEN`, `U`.`NOMBRE_UNIVERSO` AS `UNIVERSO`
FROM (`TBL_PERSONAJE`, `TBL_PERSONAJE` `P`)
JOIN `TBL_UNIVERSOS` `U` ON `U`.`ID_UNIVERSO` = `P`.`ID_UNIVERSO`
GROUP BY `P`.`ID_PERSONAJE`', [], false)
 5 SYSTEMPATH\Model.php(872): CodeIgniter\Database\BaseBuilder->get()
 6 APPPATH\Models\PersonajesModel.php(20): CodeIgniter\Model->__call('get', [])
 7 APPPATH\Controllers\Personajes.php(23): App\Models\PersonajesModel->personajesTotales()
 8 SYSTEMPATH\CodeIgniter.php(941): App\Controllers\Personajes->listaPersonajes()
 9 SYSTEMPATH\CodeIgniter.php(502): CodeIgniter\CodeIgniter->runController(Object(App\Controllers\Personajes))
10 SYSTEMPATH\CodeIgniter.php(361): CodeIgniter\CodeIgniter->handleRequest(null, Object(Config\Cache), false)
11 FCPATH\index.php(79): CodeIgniter\CodeIgniter->run()
12 SYSTEMPATH\Commands\Server\rewrite.php(47): require_once('C:\\Users\\Drummer\\Documents\\Apprende\\trainee-drangonball-backend\\public\\index.php')
ERROR - 2024-03-04 22:22:19 --> mysqli_sql_exception: Unknown column 'P.ID_PERSONAJE' in 'field list' in C:\Users\Drummer\Documents\Apprende\trainee-drangonball-backend\system\Database\MySQLi\Connection.php:306
Stack trace:
#0 C:\Users\Drummer\Documents\Apprende\trainee-drangonball-backend\system\Database\MySQLi\Connection.php(306): mysqli->query('SELECT `P`.`ID_...', 0)
#1 C:\Users\Drummer\Documents\Apprende\trainee-drangonball-backend\system\Database\BaseConnection.php(693): CodeIgniter\Database\MySQLi\Connection->execute('SELECT `P`.`ID_...')
#2 C:\Users\Drummer\Documents\Apprende\trainee-drangonball-backend\system\Database\BaseConnection.php(607): CodeIgniter\Database\BaseConnection->simpleQuery('SELECT `P`.`ID_...')
#3 C:\Users\Drummer\Documents\Apprende\trainee-drangonball-backend\system\Database\BaseBuilder.php(1616): CodeIgniter\Database\BaseConnection->query('SELECT `P`.`ID_...', Array, false)
#4 C:\Users\Drummer\Documents\Apprende\trainee-drangonball-backend\system\Model.php(872): CodeIgniter\Database\BaseBuilder->get()
#5 C:\Users\Drummer\Documents\Apprende\trainee-drangonball-backend\app\Models\PersonajesModel.php(59): CodeIgniter\Model->__call('get', Array)
#6 C:\Users\Drummer\Documents\Apprende\trainee-drangonball-backend\app\Controllers\Personajes.php(65): App\Models\PersonajesModel->tarjetaID('1')
#7 C:\Users\Drummer\Documents\Apprende\trainee-drangonball-backend\system\CodeIgniter.php(941): App\Controllers\Personajes->tarjetaPersonaje('1')
#8 C:\Users\Drummer\Documents\Apprende\trainee-drangonball-backend\system\CodeIgniter.php(502): CodeIgniter\CodeIgniter->runController(Object(App\Controllers\Personajes))
#9 C:\Users\Drummer\Documents\Apprende\trainee-drangonball-backend\system\CodeIgniter.php(361): CodeIgniter\CodeIgniter->handleRequest(NULL, Object(Config\Cache), false)
#10 C:\Users\Drummer\Documents\Apprende\trainee-drangonball-backend\public\index.php(79): CodeIgniter\CodeIgniter->run()
#11 C:\Users\Drummer\Documents\Apprende\trainee-drangonball-backend\system\Commands\Server\rewrite.php(47): require_once('C:\\Users\\Drumme...')
#12 {main}
CRITICAL - 2024-03-04 22:22:19 --> CodeIgniter\Database\Exceptions\DatabaseException: Unknown column 'P.ID_PERSONAJE' in 'field list'
in SYSTEMPATH\Database\BaseConnection.php on line 647.
 1 SYSTEMPATH\Database\BaseBuilder.php(1616): CodeIgniter\Database\BaseConnection->query('SELECT `P`.`ID_PERSONAJE` AS `ID`, `P`.`NOMBRE_PERSONAJE` AS `NOMBRE`, `P`.`IMAGEN` AS `IMAGEN`, `P`.`DESCRIPCION` AS `DESCRIPCION`, `R`.`NOMBRE_RAZA` AS `RAZA`, `P`.`BIOGRAFIA` AS `BIOGRAFIA`, `U`.`NOMBRE_UNIVERSO` AS `UNIVERSO`
FROM `TBL_PERSONAJE`
JOIN `TBL_RAZA` `R` ON `R`.`ID_RAZA` = `P`.`ID_RAZA`
JOIN `TBL_UNIVERSOS` `U` ON `U`.`ID_UNIVERSO` = `P`.`ID_UNIVERSO`
JOIN `TBL_PODERES_PERSONAJE` `PP` ON `P`.`ID_PERSONAJE` = `PP`.`ID_PERSONAJE`
JOIN `TBL_PODER` `PO` ON `PO`.`ID_PODER` = `PP`.`ID_PODER`
WHERE `P`.`ID_PERSONAJE` = :P.ID_PERSONAJE:', [...], false)
 2 SYSTEMPATH\Model.php(872): CodeIgniter\Database\BaseBuilder->get()
 3 APPPATH\Models\PersonajesModel.php(59): CodeIgniter\Model->__call('get', [])
 4 APPPATH\Controllers\Personajes.php(65): App\Models\PersonajesModel->tarjetaID('1')
 5 SYSTEMPATH\CodeIgniter.php(941): App\Controllers\Personajes->tarjetaPersonaje('1')
 6 SYSTEMPATH\CodeIgniter.php(502): CodeIgniter\CodeIgniter->runController(Object(App\Controllers\Personajes))
 7 SYSTEMPATH\CodeIgniter.php(361): CodeIgniter\CodeIgniter->handleRequest(null, Object(Config\Cache), false)
 8 FCPATH\index.php(79): CodeIgniter\CodeIgniter->run()
 9 SYSTEMPATH\Commands\Server\rewrite.php(47): require_once('C:\\Users\\Drummer\\Documents\\Apprende\\trainee-drangonball-backend\\public\\index.php')
CRITICAL - 2024-03-04 22:22:19 --> [Caused by] CodeIgniter\Database\Exceptions\DatabaseException: Unknown column 'P.ID_PERSONAJE' in 'field list'
in SYSTEMPATH\Database\MySQLi\Connection.php on line 311.
 1 SYSTEMPATH\Database\BaseConnection.php(693): CodeIgniter\Database\MySQLi\Connection->execute('SELECT `P`.`ID_PERSONAJE` AS `ID`, `P`.`NOMBRE_PERSONAJE` AS `NOMBRE`, `P`.`IMAGEN` AS `IMAGEN`, `P`.`DESCRIPCION` AS `DESCRIPCION`, `R`.`NOMBRE_RAZA` AS `RAZA`, `P`.`BIOGRAFIA` AS `BIOGRAFIA`, `U`.`NOMBRE_UNIVERSO` AS `UNIVERSO`
FROM `TBL_PERSONAJE`
JOIN `TBL_RAZA` `R` ON `R`.`ID_RAZA` = `P`.`ID_RAZA`
JOIN `TBL_UNIVERSOS` `U` ON `U`.`ID_UNIVERSO` = `P`.`ID_UNIVERSO`
JOIN `TBL_PODERES_PERSONAJE` `PP` ON `P`.`ID_PERSONAJE` = `PP`.`ID_PERSONAJE`
JOIN `TBL_PODER` `PO` ON `PO`.`ID_PODER` = `PP`.`ID_PODER`
WHERE `P`.`ID_PERSONAJE` = \'1\'')
 2 SYSTEMPATH\Database\BaseConnection.php(607): CodeIgniter\Database\BaseConnection->simpleQuery('SELECT `P`.`ID_PERSONAJE` AS `ID`, `P`.`NOMBRE_PERSONAJE` AS `NOMBRE`, `P`.`IMAGEN` AS `IMAGEN`, `P`.`DESCRIPCION` AS `DESCRIPCION`, `R`.`NOMBRE_RAZA` AS `RAZA`, `P`.`BIOGRAFIA` AS `BIOGRAFIA`, `U`.`NOMBRE_UNIVERSO` AS `UNIVERSO`
FROM `TBL_PERSONAJE`
JOIN `TBL_RAZA` `R` ON `R`.`ID_RAZA` = `P`.`ID_RAZA`
JOIN `TBL_UNIVERSOS` `U` ON `U`.`ID_UNIVERSO` = `P`.`ID_UNIVERSO`
JOIN `TBL_PODERES_PERSONAJE` `PP` ON `P`.`ID_PERSONAJE` = `PP`.`ID_PERSONAJE`
JOIN `TBL_PODER` `PO` ON `PO`.`ID_PODER` = `PP`.`ID_PODER`
WHERE `P`.`ID_PERSONAJE` = \'1\'')
 3 SYSTEMPATH\Database\BaseBuilder.php(1616): CodeIgniter\Database\BaseConnection->query('SELECT `P`.`ID_PERSONAJE` AS `ID`, `P`.`NOMBRE_PERSONAJE` AS `NOMBRE`, `P`.`IMAGEN` AS `IMAGEN`, `P`.`DESCRIPCION` AS `DESCRIPCION`, `R`.`NOMBRE_RAZA` AS `RAZA`, `P`.`BIOGRAFIA` AS `BIOGRAFIA`, `U`.`NOMBRE_UNIVERSO` AS `UNIVERSO`
FROM `TBL_PERSONAJE`
JOIN `TBL_RAZA` `R` ON `R`.`ID_RAZA` = `P`.`ID_RAZA`
JOIN `TBL_UNIVERSOS` `U` ON `U`.`ID_UNIVERSO` = `P`.`ID_UNIVERSO`
JOIN `TBL_PODERES_PERSONAJE` `PP` ON `P`.`ID_PERSONAJE` = `PP`.`ID_PERSONAJE`
JOIN `TBL_PODER` `PO` ON `PO`.`ID_PODER` = `PP`.`ID_PODER`
WHERE `P`.`ID_PERSONAJE` = :P.ID_PERSONAJE:', [...], false)
 4 SYSTEMPATH\Model.php(872): CodeIgniter\Database\BaseBuilder->get()
 5 APPPATH\Models\PersonajesModel.php(59): CodeIgniter\Model->__call('get', [])
 6 APPPATH\Controllers\Personajes.php(65): App\Models\PersonajesModel->tarjetaID('1')
 7 SYSTEMPATH\CodeIgniter.php(941): App\Controllers\Personajes->tarjetaPersonaje('1')
 8 SYSTEMPATH\CodeIgniter.php(502): CodeIgniter\CodeIgniter->runController(Object(App\Controllers\Personajes))
 9 SYSTEMPATH\CodeIgniter.php(361): CodeIgniter\CodeIgniter->handleRequest(null, Object(Config\Cache), false)
10 FCPATH\index.php(79): CodeIgniter\CodeIgniter->run()
11 SYSTEMPATH\Commands\Server\rewrite.php(47): require_once('C:\\Users\\Drummer\\Documents\\Apprende\\trainee-drangonball-backend\\public\\index.php')
CRITICAL - 2024-03-04 22:22:19 --> [Caused by] mysqli_sql_exception: Unknown column 'P.ID_PERSONAJE' in 'field list'
in SYSTEMPATH\Database\MySQLi\Connection.php on line 306.
 1 SYSTEMPATH\Database\MySQLi\Connection.php(306): mysqli->query('SELECT `P`.`ID_PERSONAJE` AS `ID`, `P`.`NOMBRE_PERSONAJE` AS `NOMBRE`, `P`.`IMAGEN` AS `IMAGEN`, `P`.`DESCRIPCION` AS `DESCRIPCION`, `R`.`NOMBRE_RAZA` AS `RAZA`, `P`.`BIOGRAFIA` AS `BIOGRAFIA`, `U`.`NOMBRE_UNIVERSO` AS `UNIVERSO`
FROM `TBL_PERSONAJE`
JOIN `TBL_RAZA` `R` ON `R`.`ID_RAZA` = `P`.`ID_RAZA`
JOIN `TBL_UNIVERSOS` `U` ON `U`.`ID_UNIVERSO` = `P`.`ID_UNIVERSO`
JOIN `TBL_PODERES_PERSONAJE` `PP` ON `P`.`ID_PERSONAJE` = `PP`.`ID_PERSONAJE`
JOIN `TBL_PODER` `PO` ON `PO`.`ID_PODER` = `PP`.`ID_PODER`
WHERE `P`.`ID_PERSONAJE` = \'1\'', 0)
 2 SYSTEMPATH\Database\BaseConnection.php(693): CodeIgniter\Database\MySQLi\Connection->execute('SELECT `P`.`ID_PERSONAJE` AS `ID`, `P`.`NOMBRE_PERSONAJE` AS `NOMBRE`, `P`.`IMAGEN` AS `IMAGEN`, `P`.`DESCRIPCION` AS `DESCRIPCION`, `R`.`NOMBRE_RAZA` AS `RAZA`, `P`.`BIOGRAFIA` AS `BIOGRAFIA`, `U`.`NOMBRE_UNIVERSO` AS `UNIVERSO`
FROM `TBL_PERSONAJE`
JOIN `TBL_RAZA` `R` ON `R`.`ID_RAZA` = `P`.`ID_RAZA`
JOIN `TBL_UNIVERSOS` `U` ON `U`.`ID_UNIVERSO` = `P`.`ID_UNIVERSO`
JOIN `TBL_PODERES_PERSONAJE` `PP` ON `P`.`ID_PERSONAJE` = `PP`.`ID_PERSONAJE`
JOIN `TBL_PODER` `PO` ON `PO`.`ID_PODER` = `PP`.`ID_PODER`
WHERE `P`.`ID_PERSONAJE` = \'1\'')
 3 SYSTEMPATH\Database\BaseConnection.php(607): CodeIgniter\Database\BaseConnection->simpleQuery('SELECT `P`.`ID_PERSONAJE` AS `ID`, `P`.`NOMBRE_PERSONAJE` AS `NOMBRE`, `P`.`IMAGEN` AS `IMAGEN`, `P`.`DESCRIPCION` AS `DESCRIPCION`, `R`.`NOMBRE_RAZA` AS `RAZA`, `P`.`BIOGRAFIA` AS `BIOGRAFIA`, `U`.`NOMBRE_UNIVERSO` AS `UNIVERSO`
FROM `TBL_PERSONAJE`
JOIN `TBL_RAZA` `R` ON `R`.`ID_RAZA` = `P`.`ID_RAZA`
JOIN `TBL_UNIVERSOS` `U` ON `U`.`ID_UNIVERSO` = `P`.`ID_UNIVERSO`
JOIN `TBL_PODERES_PERSONAJE` `PP` ON `P`.`ID_PERSONAJE` = `PP`.`ID_PERSONAJE`
JOIN `TBL_PODER` `PO` ON `PO`.`ID_PODER` = `PP`.`ID_PODER`
WHERE `P`.`ID_PERSONAJE` = \'1\'')
 4 SYSTEMPATH\Database\BaseBuilder.php(1616): CodeIgniter\Database\BaseConnection->query('SELECT `P`.`ID_PERSONAJE` AS `ID`, `P`.`NOMBRE_PERSONAJE` AS `NOMBRE`, `P`.`IMAGEN` AS `IMAGEN`, `P`.`DESCRIPCION` AS `DESCRIPCION`, `R`.`NOMBRE_RAZA` AS `RAZA`, `P`.`BIOGRAFIA` AS `BIOGRAFIA`, `U`.`NOMBRE_UNIVERSO` AS `UNIVERSO`
FROM `TBL_PERSONAJE`
JOIN `TBL_RAZA` `R` ON `R`.`ID_RAZA` = `P`.`ID_RAZA`
JOIN `TBL_UNIVERSOS` `U` ON `U`.`ID_UNIVERSO` = `P`.`ID_UNIVERSO`
JOIN `TBL_PODERES_PERSONAJE` `PP` ON `P`.`ID_PERSONAJE` = `PP`.`ID_PERSONAJE`
JOIN `TBL_PODER` `PO` ON `PO`.`ID_PODER` = `PP`.`ID_PODER`
WHERE `P`.`ID_PERSONAJE` = :P.ID_PERSONAJE:', [...], false)
 5 SYSTEMPATH\Model.php(872): CodeIgniter\Database\BaseBuilder->get()
 6 APPPATH\Models\PersonajesModel.php(59): CodeIgniter\Model->__call('get', [])
 7 APPPATH\Controllers\Personajes.php(65): App\Models\PersonajesModel->tarjetaID('1')
 8 SYSTEMPATH\CodeIgniter.php(941): App\Controllers\Personajes->tarjetaPersonaje('1')
 9 SYSTEMPATH\CodeIgniter.php(502): CodeIgniter\CodeIgniter->runController(Object(App\Controllers\Personajes))
10 SYSTEMPATH\CodeIgniter.php(361): CodeIgniter\CodeIgniter->handleRequest(null, Object(Config\Cache), false)
11 FCPATH\index.php(79): CodeIgniter\CodeIgniter->run()
12 SYSTEMPATH\Commands\Server\rewrite.php(47): require_once('C:\\Users\\Drummer\\Documents\\Apprende\\trainee-drangonball-backend\\public\\index.php')
ERROR - 2024-03-04 22:39:13 --> mysqli_sql_exception: You have an error in your SQL syntax; check the manual that corresponds to your MariaDB server version for the right syntax to use near '', ') AS PODERES
FROM `TBL_PERSONAJE` `P`
JOIN `TBL_RAZA` `R` ON `R`.`ID_RAZA...' at line 1 in C:\Users\Drummer\Documents\Apprende\trainee-drangonball-backend\system\Database\MySQLi\Connection.php:306
Stack trace:
#0 C:\Users\Drummer\Documents\Apprende\trainee-drangonball-backend\system\Database\MySQLi\Connection.php(306): mysqli->query('SELECT `P`.`ID_...', 0)
#1 C:\Users\Drummer\Documents\Apprende\trainee-drangonball-backend\system\Database\BaseConnection.php(693): CodeIgniter\Database\MySQLi\Connection->execute('SELECT `P`.`ID_...')
#2 C:\Users\Drummer\Documents\Apprende\trainee-drangonball-backend\system\Database\BaseConnection.php(607): CodeIgniter\Database\BaseConnection->simpleQuery('SELECT `P`.`ID_...')
#3 C:\Users\Drummer\Documents\Apprende\trainee-drangonball-backend\system\Database\BaseBuilder.php(1616): CodeIgniter\Database\BaseConnection->query('SELECT `P`.`ID_...', Array, false)
#4 C:\Users\Drummer\Documents\Apprende\trainee-drangonball-backend\app\Models\PersonajesModel.php(60): CodeIgniter\Database\BaseBuilder->get()
#5 C:\Users\Drummer\Documents\Apprende\trainee-drangonball-backend\app\Controllers\Personajes.php(65): App\Models\PersonajesModel->tarjetaID('1')
#6 C:\Users\Drummer\Documents\Apprende\trainee-drangonball-backend\system\CodeIgniter.php(941): App\Controllers\Personajes->tarjetaPersonaje('1')
#7 C:\Users\Drummer\Documents\Apprende\trainee-drangonball-backend\system\CodeIgniter.php(502): CodeIgniter\CodeIgniter->runController(Object(App\Controllers\Personajes))
#8 C:\Users\Drummer\Documents\Apprende\trainee-drangonball-backend\system\CodeIgniter.php(361): CodeIgniter\CodeIgniter->handleRequest(NULL, Object(Config\Cache), false)
#9 C:\Users\Drummer\Documents\Apprende\trainee-drangonball-backend\public\index.php(79): CodeIgniter\CodeIgniter->run()
#10 C:\Users\Drummer\Documents\Apprende\trainee-drangonball-backend\system\Commands\Server\rewrite.php(47): require_once('C:\\Users\\Drumme...')
#11 {main}
CRITICAL - 2024-03-04 22:39:13 --> CodeIgniter\Database\Exceptions\DatabaseException: You have an error in your SQL syntax; check the manual that corresponds to your MariaDB server version for the right syntax to use near '', ') AS PODERES
FROM `TBL_PERSONAJE` `P`
JOIN `TBL_RAZA` `R` ON `R`.`ID_RAZA...' at line 1
in SYSTEMPATH\Database\BaseConnection.php on line 647.
 1 SYSTEMPATH\Database\BaseBuilder.php(1616): CodeIgniter\Database\BaseConnection->query('SELECT `P`.`ID_PERSONAJE` AS `ID`, `P`.`NOMBRE_PERSONAJE` AS `NOMBRE`, `P`.`IMAGEN` AS `IMAGEN`, `P`.`DESCRIPCION` AS `DESCRIPCION`, `R`.`NOMBRE_RAZA` AS `RAZA`, `P`.`BIOGRAFIA` AS `BIOGRAFIA`, `U`.`NOMBRE_UNIVERSO` AS `UNIVERSO`, GROUP_CONCAT(PO.NOMBRE_PODER \', \') AS PODERES
FROM `TBL_PERSONAJE` `P`
JOIN `TBL_RAZA` `R` ON `R`.`ID_RAZA` = `P`.`ID_RAZA`
JOIN `TBL_UNIVERSOS` `U` ON `U`.`ID_UNIVERSO` = `P`.`ID_UNIVERSO`
JOIN `TBL_PODERES_PERSONAJE` `PP` ON `P`.`ID_PERSONAJE` = `PP`.`ID_PERSONAJE`
JOIN `TBL_PODER` `PO` ON `PO`.`ID_PODER` = `PP`.`ID_PODER`
WHERE `P`.`ID_PERSONAJE` = :P.ID_PERSONAJE:', [...], false)
 2 APPPATH\Models\PersonajesModel.php(60): CodeIgniter\Database\BaseBuilder->get()
 3 APPPATH\Controllers\Personajes.php(65): App\Models\PersonajesModel->tarjetaID('1')
 4 SYSTEMPATH\CodeIgniter.php(941): App\Controllers\Personajes->tarjetaPersonaje('1')
 5 SYSTEMPATH\CodeIgniter.php(502): CodeIgniter\CodeIgniter->runController(Object(App\Controllers\Personajes))
 6 SYSTEMPATH\CodeIgniter.php(361): CodeIgniter\CodeIgniter->handleRequest(null, Object(Config\Cache), false)
 7 FCPATH\index.php(79): CodeIgniter\CodeIgniter->run()
 8 SYSTEMPATH\Commands\Server\rewrite.php(47): require_once('C:\\Users\\Drummer\\Documents\\Apprende\\trainee-drangonball-backend\\public\\index.php')
CRITICAL - 2024-03-04 22:39:13 --> [Caused by] CodeIgniter\Database\Exceptions\DatabaseException: You have an error in your SQL syntax; check the manual that corresponds to your MariaDB server version for the right syntax to use near '', ') AS PODERES
FROM `TBL_PERSONAJE` `P`
JOIN `TBL_RAZA` `R` ON `R`.`ID_RAZA...' at line 1
in SYSTEMPATH\Database\MySQLi\Connection.php on line 311.
 1 SYSTEMPATH\Database\BaseConnection.php(693): CodeIgniter\Database\MySQLi\Connection->execute('SELECT `P`.`ID_PERSONAJE` AS `ID`, `P`.`NOMBRE_PERSONAJE` AS `NOMBRE`, `P`.`IMAGEN` AS `IMAGEN`, `P`.`DESCRIPCION` AS `DESCRIPCION`, `R`.`NOMBRE_RAZA` AS `RAZA`, `P`.`BIOGRAFIA` AS `BIOGRAFIA`, `U`.`NOMBRE_UNIVERSO` AS `UNIVERSO`, GROUP_CONCAT(PO.NOMBRE_PODER \', \') AS PODERES
FROM `TBL_PERSONAJE` `P`
JOIN `TBL_RAZA` `R` ON `R`.`ID_RAZA` = `P`.`ID_RAZA`
JOIN `TBL_UNIVERSOS` `U` ON `U`.`ID_UNIVERSO` = `P`.`ID_UNIVERSO`
JOIN `TBL_PODERES_PERSONAJE` `PP` ON `P`.`ID_PERSONAJE` = `PP`.`ID_PERSONAJE`
JOIN `TBL_PODER` `PO` ON `PO`.`ID_PODER` = `PP`.`ID_PODER`
WHERE `P`.`ID_PERSONAJE` = \'1\'')
 2 SYSTEMPATH\Database\BaseConnection.php(607): CodeIgniter\Database\BaseConnection->simpleQuery('SELECT `P`.`ID_PERSONAJE` AS `ID`, `P`.`NOMBRE_PERSONAJE` AS `NOMBRE`, `P`.`IMAGEN` AS `IMAGEN`, `P`.`DESCRIPCION` AS `DESCRIPCION`, `R`.`NOMBRE_RAZA` AS `RAZA`, `P`.`BIOGRAFIA` AS `BIOGRAFIA`, `U`.`NOMBRE_UNIVERSO` AS `UNIVERSO`, GROUP_CONCAT(PO.NOMBRE_PODER \', \') AS PODERES
FROM `TBL_PERSONAJE` `P`
JOIN `TBL_RAZA` `R` ON `R`.`ID_RAZA` = `P`.`ID_RAZA`
JOIN `TBL_UNIVERSOS` `U` ON `U`.`ID_UNIVERSO` = `P`.`ID_UNIVERSO`
JOIN `TBL_PODERES_PERSONAJE` `PP` ON `P`.`ID_PERSONAJE` = `PP`.`ID_PERSONAJE`
JOIN `TBL_PODER` `PO` ON `PO`.`ID_PODER` = `PP`.`ID_PODER`
WHERE `P`.`ID_PERSONAJE` = \'1\'')
 3 SYSTEMPATH\Database\BaseBuilder.php(1616): CodeIgniter\Database\BaseConnection->query('SELECT `P`.`ID_PERSONAJE` AS `ID`, `P`.`NOMBRE_PERSONAJE` AS `NOMBRE`, `P`.`IMAGEN` AS `IMAGEN`, `P`.`DESCRIPCION` AS `DESCRIPCION`, `R`.`NOMBRE_RAZA` AS `RAZA`, `P`.`BIOGRAFIA` AS `BIOGRAFIA`, `U`.`NOMBRE_UNIVERSO` AS `UNIVERSO`, GROUP_CONCAT(PO.NOMBRE_PODER \', \') AS PODERES
FROM `TBL_PERSONAJE` `P`
JOIN `TBL_RAZA` `R` ON `R`.`ID_RAZA` = `P`.`ID_RAZA`
JOIN `TBL_UNIVERSOS` `U` ON `U`.`ID_UNIVERSO` = `P`.`ID_UNIVERSO`
JOIN `TBL_PODERES_PERSONAJE` `PP` ON `P`.`ID_PERSONAJE` = `PP`.`ID_PERSONAJE`
JOIN `TBL_PODER` `PO` ON `PO`.`ID_PODER` = `PP`.`ID_PODER`
WHERE `P`.`ID_PERSONAJE` = :P.ID_PERSONAJE:', [...], false)
 4 APPPATH\Models\PersonajesModel.php(60): CodeIgniter\Database\BaseBuilder->get()
 5 APPPATH\Controllers\Personajes.php(65): App\Models\PersonajesModel->tarjetaID('1')
 6 SYSTEMPATH\CodeIgniter.php(941): App\Controllers\Personajes->tarjetaPersonaje('1')
 7 SYSTEMPATH\CodeIgniter.php(502): CodeIgniter\CodeIgniter->runController(Object(App\Controllers\Personajes))
 8 SYSTEMPATH\CodeIgniter.php(361): CodeIgniter\CodeIgniter->handleRequest(null, Object(Config\Cache), false)
 9 FCPATH\index.php(79): CodeIgniter\CodeIgniter->run()
10 SYSTEMPATH\Commands\Server\rewrite.php(47): require_once('C:\\Users\\Drummer\\Documents\\Apprende\\trainee-drangonball-backend\\public\\index.php')
CRITICAL - 2024-03-04 22:39:13 --> [Caused by] mysqli_sql_exception: You have an error in your SQL syntax; check the manual that corresponds to your MariaDB server version for the right syntax to use near '', ') AS PODERES
FROM `TBL_PERSONAJE` `P`
JOIN `TBL_RAZA` `R` ON `R`.`ID_RAZA...' at line 1
in SYSTEMPATH\Database\MySQLi\Connection.php on line 306.
 1 SYSTEMPATH\Database\MySQLi\Connection.php(306): mysqli->query('SELECT `P`.`ID_PERSONAJE` AS `ID`, `P`.`NOMBRE_PERSONAJE` AS `NOMBRE`, `P`.`IMAGEN` AS `IMAGEN`, `P`.`DESCRIPCION` AS `DESCRIPCION`, `R`.`NOMBRE_RAZA` AS `RAZA`, `P`.`BIOGRAFIA` AS `BIOGRAFIA`, `U`.`NOMBRE_UNIVERSO` AS `UNIVERSO`, GROUP_CONCAT(PO.NOMBRE_PODER \', \') AS PODERES
FROM `TBL_PERSONAJE` `P`
JOIN `TBL_RAZA` `R` ON `R`.`ID_RAZA` = `P`.`ID_RAZA`
JOIN `TBL_UNIVERSOS` `U` ON `U`.`ID_UNIVERSO` = `P`.`ID_UNIVERSO`
JOIN `TBL_PODERES_PERSONAJE` `PP` ON `P`.`ID_PERSONAJE` = `PP`.`ID_PERSONAJE`
JOIN `TBL_PODER` `PO` ON `PO`.`ID_PODER` = `PP`.`ID_PODER`
WHERE `P`.`ID_PERSONAJE` = \'1\'', 0)
 2 SYSTEMPATH\Database\BaseConnection.php(693): CodeIgniter\Database\MySQLi\Connection->execute('SELECT `P`.`ID_PERSONAJE` AS `ID`, `P`.`NOMBRE_PERSONAJE` AS `NOMBRE`, `P`.`IMAGEN` AS `IMAGEN`, `P`.`DESCRIPCION` AS `DESCRIPCION`, `R`.`NOMBRE_RAZA` AS `RAZA`, `P`.`BIOGRAFIA` AS `BIOGRAFIA`, `U`.`NOMBRE_UNIVERSO` AS `UNIVERSO`, GROUP_CONCAT(PO.NOMBRE_PODER \', \') AS PODERES
FROM `TBL_PERSONAJE` `P`
JOIN `TBL_RAZA` `R` ON `R`.`ID_RAZA` = `P`.`ID_RAZA`
JOIN `TBL_UNIVERSOS` `U` ON `U`.`ID_UNIVERSO` = `P`.`ID_UNIVERSO`
JOIN `TBL_PODERES_PERSONAJE` `PP` ON `P`.`ID_PERSONAJE` = `PP`.`ID_PERSONAJE`
JOIN `TBL_PODER` `PO` ON `PO`.`ID_PODER` = `PP`.`ID_PODER`
WHERE `P`.`ID_PERSONAJE` = \'1\'')
 3 SYSTEMPATH\Database\BaseConnection.php(607): CodeIgniter\Database\BaseConnection->simpleQuery('SELECT `P`.`ID_PERSONAJE` AS `ID`, `P`.`NOMBRE_PERSONAJE` AS `NOMBRE`, `P`.`IMAGEN` AS `IMAGEN`, `P`.`DESCRIPCION` AS `DESCRIPCION`, `R`.`NOMBRE_RAZA` AS `RAZA`, `P`.`BIOGRAFIA` AS `BIOGRAFIA`, `U`.`NOMBRE_UNIVERSO` AS `UNIVERSO`, GROUP_CONCAT(PO.NOMBRE_PODER \', \') AS PODERES
FROM `TBL_PERSONAJE` `P`
JOIN `TBL_RAZA` `R` ON `R`.`ID_RAZA` = `P`.`ID_RAZA`
JOIN `TBL_UNIVERSOS` `U` ON `U`.`ID_UNIVERSO` = `P`.`ID_UNIVERSO`
JOIN `TBL_PODERES_PERSONAJE` `PP` ON `P`.`ID_PERSONAJE` = `PP`.`ID_PERSONAJE`
JOIN `TBL_PODER` `PO` ON `PO`.`ID_PODER` = `PP`.`ID_PODER`
WHERE `P`.`ID_PERSONAJE` = \'1\'')
 4 SYSTEMPATH\Database\BaseBuilder.php(1616): CodeIgniter\Database\BaseConnection->query('SELECT `P`.`ID_PERSONAJE` AS `ID`, `P`.`NOMBRE_PERSONAJE` AS `NOMBRE`, `P`.`IMAGEN` AS `IMAGEN`, `P`.`DESCRIPCION` AS `DESCRIPCION`, `R`.`NOMBRE_RAZA` AS `RAZA`, `P`.`BIOGRAFIA` AS `BIOGRAFIA`, `U`.`NOMBRE_UNIVERSO` AS `UNIVERSO`, GROUP_CONCAT(PO.NOMBRE_PODER \', \') AS PODERES
FROM `TBL_PERSONAJE` `P`
JOIN `TBL_RAZA` `R` ON `R`.`ID_RAZA` = `P`.`ID_RAZA`
JOIN `TBL_UNIVERSOS` `U` ON `U`.`ID_UNIVERSO` = `P`.`ID_UNIVERSO`
JOIN `TBL_PODERES_PERSONAJE` `PP` ON `P`.`ID_PERSONAJE` = `PP`.`ID_PERSONAJE`
JOIN `TBL_PODER` `PO` ON `PO`.`ID_PODER` = `PP`.`ID_PODER`
WHERE `P`.`ID_PERSONAJE` = :P.ID_PERSONAJE:', [...], false)
 5 APPPATH\Models\PersonajesModel.php(60): CodeIgniter\Database\BaseBuilder->get()
 6 APPPATH\Controllers\Personajes.php(65): App\Models\PersonajesModel->tarjetaID('1')
 7 SYSTEMPATH\CodeIgniter.php(941): App\Controllers\Personajes->tarjetaPersonaje('1')
 8 SYSTEMPATH\CodeIgniter.php(502): CodeIgniter\CodeIgniter->runController(Object(App\Controllers\Personajes))
 9 SYSTEMPATH\CodeIgniter.php(361): CodeIgniter\CodeIgniter->handleRequest(null, Object(Config\Cache), false)
10 FCPATH\index.php(79): CodeIgniter\CodeIgniter->run()
11 SYSTEMPATH\Commands\Server\rewrite.php(47): require_once('C:\\Users\\Drummer\\Documents\\Apprende\\trainee-drangonball-backend\\public\\index.php')
